
*** Running vivado
    with args -log stopwatch.vds -m64 -product Vivado -mode batch -messageDb vivado.pb -notrace -source stopwatch.tcl



****** Vivado v2020.1 (64-bit)
  **** SW Build 2902540 on Wed May 27 19:54:49 MDT 2020
  **** IP Build 2902112 on Wed May 27 22:43:36 MDT 2020
    ** Copyright 1986-2020 Xilinx, Inc. All Rights Reserved.

source stopwatch.tcl -notrace
Command: synth_design -top stopwatch -part xc7a100tcsg324-1
Starting synth_design
Attempting to get a license for feature 'Synthesis' and/or device 'xc7a100t'
INFO: [Common 17-349] Got license for feature 'Synthesis' and/or device 'xc7a100t'
INFO: [Device 21-403] Loading part xc7a100tcsg324-1
INFO: [Synth 8-7079] Multithreading enabled for synth_design using a maximum of 2 processes.
INFO: [Synth 8-7078] Launching helper process for spawning children vivado processes
INFO: [Synth 8-7075] Helper process launched with PID 14092
---------------------------------------------------------------------------------
Starting RTL Elaboration : Time (s): cpu = 00:00:04 ; elapsed = 00:00:05 . Memory (MB): peak = 1014.344 ; gain = 0.000
---------------------------------------------------------------------------------
INFO: [Synth 8-638] synthesizing module 'stopwatch' [F:/Xilinx/Projects/exercise_05/exercise_05.srcs/sources_1/new/stopwatch.vhd:48]
	Parameter divider bound to: 100000 - type: integer 
INFO: [Synth 8-3491] module 'clock_divider' declared at 'F:/Xilinx/Projects/exercise_05/exercise_05.srcs/sources_1/new/clock_divider.vhd:34' bound to instance 'display_clk_divider' of component 'clock_divider' [F:/Xilinx/Projects/exercise_05/exercise_05.srcs/sources_1/new/stopwatch.vhd:136]
INFO: [Synth 8-638] synthesizing module 'clock_divider' [F:/Xilinx/Projects/exercise_05/exercise_05.srcs/sources_1/new/clock_divider.vhd:46]
	Parameter divider bound to: 100000 - type: integer 
INFO: [Synth 8-256] done synthesizing module 'clock_divider' (1#1) [F:/Xilinx/Projects/exercise_05/exercise_05.srcs/sources_1/new/clock_divider.vhd:46]
INFO: [Synth 8-3491] module 'control_unit' declared at 'F:/Xilinx/Projects/exercise_05/exercise_05.srcs/sources_1/new/control_unit.vhd:34' bound to instance 'cu' of component 'control_unit' [F:/Xilinx/Projects/exercise_05/exercise_05.srcs/sources_1/new/stopwatch.vhd:147]
INFO: [Synth 8-638] synthesizing module 'control_unit' [F:/Xilinx/Projects/exercise_05/exercise_05.srcs/sources_1/new/control_unit.vhd:58]
	Parameter divider bound to: 100000000 - type: integer 
INFO: [Synth 8-3491] module 'clock_divider' declared at 'F:/Xilinx/Projects/exercise_05/exercise_05.srcs/sources_1/new/clock_divider.vhd:34' bound to instance 'seconds_clk_divider' of component 'clock_divider' [F:/Xilinx/Projects/exercise_05/exercise_05.srcs/sources_1/new/control_unit.vhd:90]
INFO: [Synth 8-638] synthesizing module 'clock_divider__parameterized1' [F:/Xilinx/Projects/exercise_05/exercise_05.srcs/sources_1/new/clock_divider.vhd:46]
	Parameter divider bound to: 100000000 - type: integer 
INFO: [Synth 8-256] done synthesizing module 'clock_divider__parameterized1' (1#1) [F:/Xilinx/Projects/exercise_05/exercise_05.srcs/sources_1/new/clock_divider.vhd:46]
	Parameter divider bound to: 10000 - type: integer 
INFO: [Synth 8-3491] module 'clock_divider' declared at 'F:/Xilinx/Projects/exercise_05/exercise_05.srcs/sources_1/new/clock_divider.vhd:34' bound to instance 'sample_clk_divider' of component 'clock_divider' [F:/Xilinx/Projects/exercise_05/exercise_05.srcs/sources_1/new/control_unit.vhd:101]
INFO: [Synth 8-638] synthesizing module 'clock_divider__parameterized3' [F:/Xilinx/Projects/exercise_05/exercise_05.srcs/sources_1/new/clock_divider.vhd:46]
	Parameter divider bound to: 10000 - type: integer 
INFO: [Synth 8-256] done synthesizing module 'clock_divider__parameterized3' (1#1) [F:/Xilinx/Projects/exercise_05/exercise_05.srcs/sources_1/new/clock_divider.vhd:46]
WARNING: [Synth 8-614] signal 'seconds_in' is read in the process but is not in the sensitivity list [F:/Xilinx/Projects/exercise_05/exercise_05.srcs/sources_1/new/control_unit.vhd:157]
WARNING: [Synth 8-614] signal 'minutes_in' is read in the process but is not in the sensitivity list [F:/Xilinx/Projects/exercise_05/exercise_05.srcs/sources_1/new/control_unit.vhd:157]
WARNING: [Synth 8-614] signal 'hours_in' is read in the process but is not in the sensitivity list [F:/Xilinx/Projects/exercise_05/exercise_05.srcs/sources_1/new/control_unit.vhd:157]
WARNING: [Synth 8-614] signal 'seconds_load_value' is read in the process but is not in the sensitivity list [F:/Xilinx/Projects/exercise_05/exercise_05.srcs/sources_1/new/control_unit.vhd:157]
WARNING: [Synth 8-614] signal 'minutes_load_value' is read in the process but is not in the sensitivity list [F:/Xilinx/Projects/exercise_05/exercise_05.srcs/sources_1/new/control_unit.vhd:157]
WARNING: [Synth 8-614] signal 'hours_load_value' is read in the process but is not in the sensitivity list [F:/Xilinx/Projects/exercise_05/exercise_05.srcs/sources_1/new/control_unit.vhd:157]
WARNING: [Synth 8-614] signal 'current_read_address' is read in the process but is not in the sensitivity list [F:/Xilinx/Projects/exercise_05/exercise_05.srcs/sources_1/new/control_unit.vhd:157]
INFO: [Synth 8-256] done synthesizing module 'control_unit' (2#1) [F:/Xilinx/Projects/exercise_05/exercise_05.srcs/sources_1/new/control_unit.vhd:58]
INFO: [Synth 8-3491] module 'bcd_counter' declared at 'F:/Xilinx/Projects/exercise_05/exercise_05.srcs/sources_1/new/bcd_counter.vhd:34' bound to instance 'counter' of component 'bcd_counter' [F:/Xilinx/Projects/exercise_05/exercise_05.srcs/sources_1/new/stopwatch.vhd:170]
INFO: [Synth 8-638] synthesizing module 'bcd_counter' [F:/Xilinx/Projects/exercise_05/exercise_05.srcs/sources_1/new/bcd_counter.vhd:45]
WARNING: [Synth 8-614] signal 'load_value' is read in the process but is not in the sensitivity list [F:/Xilinx/Projects/exercise_05/exercise_05.srcs/sources_1/new/bcd_counter.vhd:50]
INFO: [Synth 8-256] done synthesizing module 'bcd_counter' (3#1) [F:/Xilinx/Projects/exercise_05/exercise_05.srcs/sources_1/new/bcd_counter.vhd:45]
INFO: [Synth 8-3491] module 'bcd_counter' declared at 'F:/Xilinx/Projects/exercise_05/exercise_05.srcs/sources_1/new/bcd_counter.vhd:34' bound to instance 'counter' of component 'bcd_counter' [F:/Xilinx/Projects/exercise_05/exercise_05.srcs/sources_1/new/stopwatch.vhd:170]
INFO: [Synth 8-3491] module 'bcd_counter' declared at 'F:/Xilinx/Projects/exercise_05/exercise_05.srcs/sources_1/new/bcd_counter.vhd:34' bound to instance 'counter' of component 'bcd_counter' [F:/Xilinx/Projects/exercise_05/exercise_05.srcs/sources_1/new/stopwatch.vhd:181]
INFO: [Synth 8-3491] module 'bcd_counter' declared at 'F:/Xilinx/Projects/exercise_05/exercise_05.srcs/sources_1/new/bcd_counter.vhd:34' bound to instance 'counter' of component 'bcd_counter' [F:/Xilinx/Projects/exercise_05/exercise_05.srcs/sources_1/new/stopwatch.vhd:181]
INFO: [Synth 8-3491] module 'bcd_counter' declared at 'F:/Xilinx/Projects/exercise_05/exercise_05.srcs/sources_1/new/bcd_counter.vhd:34' bound to instance 'counter' of component 'bcd_counter' [F:/Xilinx/Projects/exercise_05/exercise_05.srcs/sources_1/new/stopwatch.vhd:192]
INFO: [Synth 8-3491] module 'bcd_counter' declared at 'F:/Xilinx/Projects/exercise_05/exercise_05.srcs/sources_1/new/bcd_counter.vhd:34' bound to instance 'counter' of component 'bcd_counter' [F:/Xilinx/Projects/exercise_05/exercise_05.srcs/sources_1/new/stopwatch.vhd:192]
INFO: [Synth 8-3491] module 'display_controller' declared at 'F:/Xilinx/Projects/exercise_05/exercise_05.srcs/sources_1/new/display_controller.vhd:34' bound to instance 'disp_ctl' of component 'display_controller' [F:/Xilinx/Projects/exercise_05/exercise_05.srcs/sources_1/new/stopwatch.vhd:203]
INFO: [Synth 8-638] synthesizing module 'display_controller' [F:/Xilinx/Projects/exercise_05/exercise_05.srcs/sources_1/new/display_controller.vhd:45]
INFO: [Synth 8-256] done synthesizing module 'display_controller' (4#1) [F:/Xilinx/Projects/exercise_05/exercise_05.srcs/sources_1/new/display_controller.vhd:45]
INFO: [Synth 8-3491] module 'display_driver' declared at 'F:/Xilinx/Projects/exercise_05/exercise_05.srcs/sources_1/imports/new/display_driver.vhd:34' bound to instance 'driver' of component 'display_driver' [F:/Xilinx/Projects/exercise_05/exercise_05.srcs/sources_1/new/stopwatch.vhd:213]
INFO: [Synth 8-638] synthesizing module 'display_driver' [F:/Xilinx/Projects/exercise_05/exercise_05.srcs/sources_1/imports/new/display_driver.vhd:41]
INFO: [Synth 8-256] done synthesizing module 'display_driver' (5#1) [F:/Xilinx/Projects/exercise_05/exercise_05.srcs/sources_1/imports/new/display_driver.vhd:41]
INFO: [Synth 8-256] done synthesizing module 'stopwatch' (6#1) [F:/Xilinx/Projects/exercise_05/exercise_05.srcs/sources_1/new/stopwatch.vhd:48]
---------------------------------------------------------------------------------
Finished RTL Elaboration : Time (s): cpu = 00:00:05 ; elapsed = 00:00:06 . Memory (MB): peak = 1014.344 ; gain = 0.000
---------------------------------------------------------------------------------
---------------------------------------------------------------------------------
Start Handling Custom Attributes
---------------------------------------------------------------------------------
---------------------------------------------------------------------------------
Finished Handling Custom Attributes : Time (s): cpu = 00:00:06 ; elapsed = 00:00:07 . Memory (MB): peak = 1014.344 ; gain = 0.000
---------------------------------------------------------------------------------
---------------------------------------------------------------------------------
Finished RTL Optimization Phase 1 : Time (s): cpu = 00:00:06 ; elapsed = 00:00:07 . Memory (MB): peak = 1014.344 ; gain = 0.000
---------------------------------------------------------------------------------
Netlist sorting complete. Time (s): cpu = 00:00:00 ; elapsed = 00:00:00.010 . Memory (MB): peak = 1014.344 ; gain = 0.000
INFO: [Project 1-570] Preparing netlist for logic optimization

Processing XDC Constraints
Initializing timing engine
Parsing XDC File [F:/Xilinx/Projects/exercise_05/exercise_05.srcs/constrs_1/imports/Xilinx/Nexys-A7-100T-Master.xdc]
Finished Parsing XDC File [F:/Xilinx/Projects/exercise_05/exercise_05.srcs/constrs_1/imports/Xilinx/Nexys-A7-100T-Master.xdc]
INFO: [Project 1-236] Implementation specific constraints were found while reading constraint file [F:/Xilinx/Projects/exercise_05/exercise_05.srcs/constrs_1/imports/Xilinx/Nexys-A7-100T-Master.xdc]. These constraints will be ignored for synthesis but will be used in implementation. Impacted constraints are listed in the file [.Xil/stopwatch_propImpl.xdc].
Resolution: To avoid this warning, move constraints listed in [.Xil/stopwatch_propImpl.xdc] to another XDC file and exclude this new file from synthesis with the used_in_synthesis property (File Properties dialog in GUI) and re-run elaboration/synthesis.
Completed Processing XDC Constraints

Netlist sorting complete. Time (s): cpu = 00:00:00 ; elapsed = 00:00:00.001 . Memory (MB): peak = 1014.344 ; gain = 0.000
INFO: [Project 1-111] Unisim Transformation Summary:
No Unisim elements were transformed.

Constraint Validation Runtime : Time (s): cpu = 00:00:00 ; elapsed = 00:00:00.019 . Memory (MB): peak = 1014.344 ; gain = 0.000
---------------------------------------------------------------------------------
Finished Constraint Validation : Time (s): cpu = 00:00:13 ; elapsed = 00:00:14 . Memory (MB): peak = 1014.344 ; gain = 0.000
---------------------------------------------------------------------------------
---------------------------------------------------------------------------------
Start Loading Part and Timing Information
---------------------------------------------------------------------------------
Loading part: xc7a100tcsg324-1
---------------------------------------------------------------------------------
Finished Loading Part and Timing Information : Time (s): cpu = 00:00:13 ; elapsed = 00:00:14 . Memory (MB): peak = 1014.344 ; gain = 0.000
---------------------------------------------------------------------------------
---------------------------------------------------------------------------------
Start Applying 'set_property' XDC Constraints
---------------------------------------------------------------------------------
---------------------------------------------------------------------------------
Finished applying 'set_property' XDC Constraints : Time (s): cpu = 00:00:13 ; elapsed = 00:00:14 . Memory (MB): peak = 1014.344 ; gain = 0.000
---------------------------------------------------------------------------------
WARNING: [Synth 8-327] inferring latch for variable 'seconds_out_reg' [F:/Xilinx/Projects/exercise_05/exercise_05.srcs/sources_1/new/control_unit.vhd:160]
WARNING: [Synth 8-327] inferring latch for variable 'minutes_out_reg' [F:/Xilinx/Projects/exercise_05/exercise_05.srcs/sources_1/new/control_unit.vhd:161]
WARNING: [Synth 8-327] inferring latch for variable 'hours_out_reg' [F:/Xilinx/Projects/exercise_05/exercise_05.srcs/sources_1/new/control_unit.vhd:162]
---------------------------------------------------------------------------------
Finished RTL Optimization Phase 2 : Time (s): cpu = 00:00:14 ; elapsed = 00:00:15 . Memory (MB): peak = 1014.344 ; gain = 0.000
---------------------------------------------------------------------------------
---------------------------------------------------------------------------------
Start RTL Component Statistics 
---------------------------------------------------------------------------------
Detailed RTL Component Info : 
+---Adders : 
	   2 Input   32 Bit       Adders := 3     
	   2 Input    4 Bit       Adders := 12    
	   2 Input    3 Bit       Adders := 1     
	   2 Input    2 Bit       Adders := 2     
+---Registers : 
	               32 Bit    Registers := 3     
	                8 Bit    Registers := 3     
	                6 Bit    Registers := 1     
	                4 Bit    Registers := 7     
	                3 Bit    Registers := 3     
	                2 Bit    Registers := 5     
	                1 Bit    Registers := 6     
+---RAMs : 
	               96 Bit	(4 X 24 bit)          RAMs := 1     
+---Muxes : 
	   2 Input   32 Bit        Muxes := 3     
	   2 Input    8 Bit        Muxes := 29    
	   3 Input    8 Bit        Muxes := 2     
	   4 Input    8 Bit        Muxes := 2     
	   7 Input    6 Bit        Muxes := 1     
	   2 Input    4 Bit        Muxes := 31    
	   3 Input    3 Bit        Muxes := 1     
	   4 Input    3 Bit        Muxes := 1     
	   2 Input    3 Bit        Muxes := 1     
	   5 Input    2 Bit        Muxes := 2     
	   2 Input    2 Bit        Muxes := 1     
	   2 Input    1 Bit        Muxes := 11    
	   4 Input    1 Bit        Muxes := 2     
	   5 Input    1 Bit        Muxes := 1     
---------------------------------------------------------------------------------
Finished RTL Component Statistics 
---------------------------------------------------------------------------------
---------------------------------------------------------------------------------
Start Part Resource Summary
---------------------------------------------------------------------------------
Part Resources:
DSPs: 240 (col length:80)
BRAMs: 270 (col length: RAMB18 80 RAMB36 40)
---------------------------------------------------------------------------------
Finished Part Resource Summary
---------------------------------------------------------------------------------
---------------------------------------------------------------------------------
Start Cross Boundary and Area Optimization
---------------------------------------------------------------------------------
---------------------------------------------------------------------------------
Finished Cross Boundary and Area Optimization : Time (s): cpu = 00:00:17 ; elapsed = 00:00:19 . Memory (MB): peak = 1014.344 ; gain = 0.000
---------------------------------------------------------------------------------
---------------------------------------------------------------------------------
Start ROM, RAM, DSP and Shift Register Reporting
---------------------------------------------------------------------------------

Distributed RAM: Preliminary Mapping	Report (see note below)
+------------+--------------+-----------+----------------------+-------------+
|Module Name | RTL Object   | Inference | Size (Depth x Width) | Primitives  | 
+------------+--------------+-----------+----------------------+-------------+
|stopwatch   | cu/snaps_reg | Implied   | 4 x 24               | RAM32M x 4	 | 
+------------+--------------+-----------+----------------------+-------------+

Note: The table above is a preliminary report that shows the Distributed RAMs at the current stage of the synthesis flow. Some Distributed RAMs may be reimplemented as non Distributed RAM primitives later in the synthesis flow. Multiple instantiated RAMs are reported only once.
---------------------------------------------------------------------------------
Finished ROM, RAM, DSP and Shift Register Reporting
---------------------------------------------------------------------------------
---------------------------------------------------------------------------------
Start Applying XDC Timing Constraints
---------------------------------------------------------------------------------
---------------------------------------------------------------------------------
Finished Applying XDC Timing Constraints : Time (s): cpu = 00:00:25 ; elapsed = 00:00:28 . Memory (MB): peak = 1014.344 ; gain = 0.000
---------------------------------------------------------------------------------
---------------------------------------------------------------------------------
Start Timing Optimization
---------------------------------------------------------------------------------
---------------------------------------------------------------------------------
Finished Timing Optimization : Time (s): cpu = 00:00:26 ; elapsed = 00:00:28 . Memory (MB): peak = 1014.344 ; gain = 0.000
---------------------------------------------------------------------------------
---------------------------------------------------------------------------------
Start ROM, RAM, DSP and Shift Register Reporting
---------------------------------------------------------------------------------

Distributed RAM: Final Mapping	Report
+------------+--------------+-----------+----------------------+-------------+
|Module Name | RTL Object   | Inference | Size (Depth x Width) | Primitives  | 
+------------+--------------+-----------+----------------------+-------------+
|stopwatch   | cu/snaps_reg | Implied   | 4 x 24               | RAM32M x 4	 | 
+------------+--------------+-----------+----------------------+-------------+

---------------------------------------------------------------------------------
Finished ROM, RAM, DSP and Shift Register Reporting
---------------------------------------------------------------------------------
---------------------------------------------------------------------------------
Start Technology Mapping
---------------------------------------------------------------------------------
---------------------------------------------------------------------------------
Finished Technology Mapping : Time (s): cpu = 00:00:26 ; elapsed = 00:00:28 . Memory (MB): peak = 1014.344 ; gain = 0.000
---------------------------------------------------------------------------------
---------------------------------------------------------------------------------
Start IO Insertion
---------------------------------------------------------------------------------
---------------------------------------------------------------------------------
Start Flattening Before IO Insertion
---------------------------------------------------------------------------------
---------------------------------------------------------------------------------
Finished Flattening Before IO Insertion
---------------------------------------------------------------------------------
---------------------------------------------------------------------------------
Start Final Netlist Cleanup
---------------------------------------------------------------------------------
---------------------------------------------------------------------------------
Finished Final Netlist Cleanup
---------------------------------------------------------------------------------
---------------------------------------------------------------------------------
Finished IO Insertion : Time (s): cpu = 00:00:30 ; elapsed = 00:00:33 . Memory (MB): peak = 1014.344 ; gain = 0.000
---------------------------------------------------------------------------------
---------------------------------------------------------------------------------
Start Renaming Generated Instances
---------------------------------------------------------------------------------
---------------------------------------------------------------------------------
Finished Renaming Generated Instances : Time (s): cpu = 00:00:30 ; elapsed = 00:00:33 . Memory (MB): peak = 1014.344 ; gain = 0.000
---------------------------------------------------------------------------------
---------------------------------------------------------------------------------
Start Rebuilding User Hierarchy
---------------------------------------------------------------------------------
---------------------------------------------------------------------------------
Finished Rebuilding User Hierarchy : Time (s): cpu = 00:00:30 ; elapsed = 00:00:33 . Memory (MB): peak = 1014.344 ; gain = 0.000
---------------------------------------------------------------------------------
---------------------------------------------------------------------------------
Start Renaming Generated Ports
---------------------------------------------------------------------------------
---------------------------------------------------------------------------------
Finished Renaming Generated Ports : Time (s): cpu = 00:00:30 ; elapsed = 00:00:33 . Memory (MB): peak = 1014.344 ; gain = 0.000
---------------------------------------------------------------------------------
---------------------------------------------------------------------------------
Start Handling Custom Attributes
---------------------------------------------------------------------------------
---------------------------------------------------------------------------------
Finished Handling Custom Attributes : Time (s): cpu = 00:00:30 ; elapsed = 00:00:33 . Memory (MB): peak = 1014.344 ; gain = 0.000
---------------------------------------------------------------------------------
---------------------------------------------------------------------------------
Start Renaming Generated Nets
---------------------------------------------------------------------------------
---------------------------------------------------------------------------------
Finished Renaming Generated Nets : Time (s): cpu = 00:00:30 ; elapsed = 00:00:33 . Memory (MB): peak = 1014.344 ; gain = 0.000
---------------------------------------------------------------------------------
---------------------------------------------------------------------------------
Start Writing Synthesis Report
---------------------------------------------------------------------------------

Report BlackBoxes: 
+-+--------------+----------+
| |BlackBox name |Instances |
+-+--------------+----------+
+-+--------------+----------+

Report Cell Usage: 
+------+-------+------+
|      |Cell   |Count |
+------+-------+------+
|1     |BUFG   |     2|
|2     |CARRY4 |    24|
|3     |LUT1   |     4|
|4     |LUT2   |    13|
|5     |LUT3   |    65|
|6     |LUT4   |    62|
|7     |LUT5   |    41|
|8     |LUT6   |    61|
|9     |RAM32M |     4|
|10    |FDCE   |    35|
|11    |FDPE   |    24|
|12    |FDRE   |   140|
|13    |FDSE   |     6|
|14    |LD     |    24|
|15    |LDC    |    24|
|16    |IBUF   |     7|
|17    |OBUF   |    16|
+------+-------+------+
---------------------------------------------------------------------------------
Finished Writing Synthesis Report : Time (s): cpu = 00:00:30 ; elapsed = 00:00:33 . Memory (MB): peak = 1014.344 ; gain = 0.000
---------------------------------------------------------------------------------
Synthesis finished with 0 errors, 0 critical warnings and 3 warnings.
Synthesis Optimization Runtime : Time (s): cpu = 00:00:22 ; elapsed = 00:00:30 . Memory (MB): peak = 1014.344 ; gain = 0.000
Synthesis Optimization Complete : Time (s): cpu = 00:00:30 ; elapsed = 00:00:33 . Memory (MB): peak = 1014.344 ; gain = 0.000
INFO: [Project 1-571] Translating synthesized netlist
Netlist sorting complete. Time (s): cpu = 00:00:00 ; elapsed = 00:00:00.008 . Memory (MB): peak = 1014.344 ; gain = 0.000
INFO: [Netlist 29-17] Analyzing 76 Unisim elements for replacement
INFO: [Netlist 29-28] Unisim Transformation completed in 1 CPU seconds
INFO: [Project 1-570] Preparing netlist for logic optimization
INFO: [Opt 31-138] Pushed 0 inverter(s) to 0 load pin(s).
Netlist sorting complete. Time (s): cpu = 00:00:00 ; elapsed = 00:00:00 . Memory (MB): peak = 1014.344 ; gain = 0.000
INFO: [Project 1-111] Unisim Transformation Summary:
  A total of 52 instances were transformed.
  LD => LDCE: 24 instances
  LDC => LDCE: 24 instances
  RAM32M => RAM32M (RAMD32(x6), RAMS32(x2)): 4 instances

INFO: [Common 17-83] Releasing license: Synthesis
43 Infos, 11 Warnings, 0 Critical Warnings and 0 Errors encountered.
synth_design completed successfully
synth_design: Time (s): cpu = 00:00:36 ; elapsed = 00:00:40 . Memory (MB): peak = 1014.344 ; gain = 0.000
INFO: [Common 17-600] The following parameters have non-default value.
tcl.collectionResultDisplayLimit
INFO: [Common 17-1381] The checkpoint 'F:/Xilinx/Projects/exercise_05/exercise_05.runs/synth_1/stopwatch.dcp' has been generated.
INFO: [runtcl-4] Executing : report_utilization -file stopwatch_utilization_synth.rpt -pb stopwatch_utilization_synth.pb
INFO: [Common 17-206] Exiting Vivado at Sun Jan 30 19:29:21 2022...
