
*** Running vivado
    with args -log ChaCha.vds -m64 -product Vivado -mode batch -messageDb vivado.pb -notrace -source ChaCha.tcl



****** Vivado v2020.1 (64-bit)
  **** SW Build 2902540 on Wed May 27 19:54:49 MDT 2020
  **** IP Build 2902112 on Wed May 27 22:43:36 MDT 2020
    ** Copyright 1986-2020 Xilinx, Inc. All Rights Reserved.

source ChaCha.tcl -notrace
Command: synth_design -top ChaCha -part xc7a100tcsg324-1
Starting synth_design
Attempting to get a license for feature 'Synthesis' and/or device 'xc7a100t'
INFO: [Common 17-349] Got license for feature 'Synthesis' and/or device 'xc7a100t'
INFO: [Device 21-403] Loading part xc7a100tcsg324-1
INFO: [Synth 8-7079] Multithreading enabled for synth_design using a maximum of 2 processes.
INFO: [Synth 8-7078] Launching helper process for spawning children vivado processes
INFO: [Synth 8-7075] Helper process launched with PID 10392
---------------------------------------------------------------------------------
Starting RTL Elaboration : Time (s): cpu = 00:00:04 ; elapsed = 00:00:06 . Memory (MB): peak = 1149.914 ; gain = 0.000
---------------------------------------------------------------------------------
INFO: [Synth 8-638] synthesizing module 'ChaCha' [F:/Xilinx/Projects/exercise_12/exercise_12.srcs/sources_1/new/ChaCha.vhd:46]
INFO: [Synth 8-3491] module 'ChaChaBlock' declared at 'F:/Xilinx/Projects/exercise_12/exercise_12.srcs/sources_1/new/ChaChaBlock.vhd:36' bound to instance 'chacha_block' of component 'ChaChaBlock' [F:/Xilinx/Projects/exercise_12/exercise_12.srcs/sources_1/new/ChaCha.vhd:58]
INFO: [Synth 8-638] synthesizing module 'ChaChaBlock' [F:/Xilinx/Projects/exercise_12/exercise_12.srcs/sources_1/new/ChaChaBlock.vhd:43]
INFO: [Synth 8-3491] module 'DoubleRound' declared at 'F:/Xilinx/Projects/exercise_12/exercise_12.srcs/sources_1/new/DoubleRound.vhd:36' bound to instance 'round' of component 'DoubleRound' [F:/Xilinx/Projects/exercise_12/exercise_12.srcs/sources_1/new/ChaChaBlock.vhd:67]
INFO: [Synth 8-638] synthesizing module 'DoubleRound' [F:/Xilinx/Projects/exercise_12/exercise_12.srcs/sources_1/new/DoubleRound.vhd:43]
INFO: [Synth 8-3491] module 'QuarterRound' declared at 'F:/Xilinx/Projects/exercise_12/exercise_12.srcs/sources_1/new/QuarterRound.vhd:36' bound to instance 'qr' of component 'QuarterRound' [F:/Xilinx/Projects/exercise_12/exercise_12.srcs/sources_1/new/DoubleRound.vhd:55]
INFO: [Synth 8-638] synthesizing module 'QuarterRound' [F:/Xilinx/Projects/exercise_12/exercise_12.srcs/sources_1/new/QuarterRound.vhd:43]
INFO: [Synth 8-256] done synthesizing module 'QuarterRound' (1#1) [F:/Xilinx/Projects/exercise_12/exercise_12.srcs/sources_1/new/QuarterRound.vhd:43]
INFO: [Synth 8-3491] module 'QuarterRound' declared at 'F:/Xilinx/Projects/exercise_12/exercise_12.srcs/sources_1/new/QuarterRound.vhd:36' bound to instance 'qr' of component 'QuarterRound' [F:/Xilinx/Projects/exercise_12/exercise_12.srcs/sources_1/new/DoubleRound.vhd:55]
INFO: [Synth 8-3491] module 'QuarterRound' declared at 'F:/Xilinx/Projects/exercise_12/exercise_12.srcs/sources_1/new/QuarterRound.vhd:36' bound to instance 'qr' of component 'QuarterRound' [F:/Xilinx/Projects/exercise_12/exercise_12.srcs/sources_1/new/DoubleRound.vhd:55]
INFO: [Synth 8-3491] module 'QuarterRound' declared at 'F:/Xilinx/Projects/exercise_12/exercise_12.srcs/sources_1/new/QuarterRound.vhd:36' bound to instance 'qr' of component 'QuarterRound' [F:/Xilinx/Projects/exercise_12/exercise_12.srcs/sources_1/new/DoubleRound.vhd:55]
INFO: [Synth 8-3491] module 'QuarterRound' declared at 'F:/Xilinx/Projects/exercise_12/exercise_12.srcs/sources_1/new/QuarterRound.vhd:36' bound to instance 'qr' of component 'QuarterRound' [F:/Xilinx/Projects/exercise_12/exercise_12.srcs/sources_1/new/DoubleRound.vhd:69]
INFO: [Synth 8-3491] module 'QuarterRound' declared at 'F:/Xilinx/Projects/exercise_12/exercise_12.srcs/sources_1/new/QuarterRound.vhd:36' bound to instance 'qr' of component 'QuarterRound' [F:/Xilinx/Projects/exercise_12/exercise_12.srcs/sources_1/new/DoubleRound.vhd:69]
INFO: [Synth 8-3491] module 'QuarterRound' declared at 'F:/Xilinx/Projects/exercise_12/exercise_12.srcs/sources_1/new/QuarterRound.vhd:36' bound to instance 'qr' of component 'QuarterRound' [F:/Xilinx/Projects/exercise_12/exercise_12.srcs/sources_1/new/DoubleRound.vhd:69]
INFO: [Synth 8-3491] module 'QuarterRound' declared at 'F:/Xilinx/Projects/exercise_12/exercise_12.srcs/sources_1/new/QuarterRound.vhd:36' bound to instance 'qr' of component 'QuarterRound' [F:/Xilinx/Projects/exercise_12/exercise_12.srcs/sources_1/new/DoubleRound.vhd:69]
INFO: [Synth 8-256] done synthesizing module 'DoubleRound' (2#1) [F:/Xilinx/Projects/exercise_12/exercise_12.srcs/sources_1/new/DoubleRound.vhd:43]
INFO: [Synth 8-3491] module 'DoubleRound' declared at 'F:/Xilinx/Projects/exercise_12/exercise_12.srcs/sources_1/new/DoubleRound.vhd:36' bound to instance 'round' of component 'DoubleRound' [F:/Xilinx/Projects/exercise_12/exercise_12.srcs/sources_1/new/ChaChaBlock.vhd:67]
INFO: [Synth 8-3491] module 'DoubleRound' declared at 'F:/Xilinx/Projects/exercise_12/exercise_12.srcs/sources_1/new/DoubleRound.vhd:36' bound to instance 'round' of component 'DoubleRound' [F:/Xilinx/Projects/exercise_12/exercise_12.srcs/sources_1/new/ChaChaBlock.vhd:67]
INFO: [Synth 8-3491] module 'DoubleRound' declared at 'F:/Xilinx/Projects/exercise_12/exercise_12.srcs/sources_1/new/DoubleRound.vhd:36' bound to instance 'round' of component 'DoubleRound' [F:/Xilinx/Projects/exercise_12/exercise_12.srcs/sources_1/new/ChaChaBlock.vhd:67]
INFO: [Synth 8-3491] module 'DoubleRound' declared at 'F:/Xilinx/Projects/exercise_12/exercise_12.srcs/sources_1/new/DoubleRound.vhd:36' bound to instance 'round' of component 'DoubleRound' [F:/Xilinx/Projects/exercise_12/exercise_12.srcs/sources_1/new/ChaChaBlock.vhd:67]
INFO: [Synth 8-3491] module 'DoubleRound' declared at 'F:/Xilinx/Projects/exercise_12/exercise_12.srcs/sources_1/new/DoubleRound.vhd:36' bound to instance 'round' of component 'DoubleRound' [F:/Xilinx/Projects/exercise_12/exercise_12.srcs/sources_1/new/ChaChaBlock.vhd:67]
INFO: [Synth 8-3491] module 'DoubleRound' declared at 'F:/Xilinx/Projects/exercise_12/exercise_12.srcs/sources_1/new/DoubleRound.vhd:36' bound to instance 'round' of component 'DoubleRound' [F:/Xilinx/Projects/exercise_12/exercise_12.srcs/sources_1/new/ChaChaBlock.vhd:67]
INFO: [Synth 8-3491] module 'DoubleRound' declared at 'F:/Xilinx/Projects/exercise_12/exercise_12.srcs/sources_1/new/DoubleRound.vhd:36' bound to instance 'round' of component 'DoubleRound' [F:/Xilinx/Projects/exercise_12/exercise_12.srcs/sources_1/new/ChaChaBlock.vhd:67]
INFO: [Synth 8-3491] module 'DoubleRound' declared at 'F:/Xilinx/Projects/exercise_12/exercise_12.srcs/sources_1/new/DoubleRound.vhd:36' bound to instance 'round' of component 'DoubleRound' [F:/Xilinx/Projects/exercise_12/exercise_12.srcs/sources_1/new/ChaChaBlock.vhd:67]
INFO: [Synth 8-3491] module 'DoubleRound' declared at 'F:/Xilinx/Projects/exercise_12/exercise_12.srcs/sources_1/new/DoubleRound.vhd:36' bound to instance 'final_round' of component 'DoubleRound' [F:/Xilinx/Projects/exercise_12/exercise_12.srcs/sources_1/new/ChaChaBlock.vhd:74]
INFO: [Synth 8-256] done synthesizing module 'ChaChaBlock' (3#1) [F:/Xilinx/Projects/exercise_12/exercise_12.srcs/sources_1/new/ChaChaBlock.vhd:43]
INFO: [Synth 8-256] done synthesizing module 'ChaCha' (4#1) [F:/Xilinx/Projects/exercise_12/exercise_12.srcs/sources_1/new/ChaCha.vhd:46]
---------------------------------------------------------------------------------
Finished RTL Elaboration : Time (s): cpu = 00:00:05 ; elapsed = 00:00:08 . Memory (MB): peak = 1149.914 ; gain = 0.000
---------------------------------------------------------------------------------
---------------------------------------------------------------------------------
Start Handling Custom Attributes
---------------------------------------------------------------------------------
---------------------------------------------------------------------------------
Finished Handling Custom Attributes : Time (s): cpu = 00:00:06 ; elapsed = 00:00:08 . Memory (MB): peak = 1149.914 ; gain = 0.000
---------------------------------------------------------------------------------
---------------------------------------------------------------------------------
Finished RTL Optimization Phase 1 : Time (s): cpu = 00:00:06 ; elapsed = 00:00:08 . Memory (MB): peak = 1149.914 ; gain = 0.000
---------------------------------------------------------------------------------
Netlist sorting complete. Time (s): cpu = 00:00:01 ; elapsed = 00:00:00.514 . Memory (MB): peak = 1149.914 ; gain = 0.000
INFO: [Project 1-570] Preparing netlist for logic optimization

Processing XDC Constraints
Initializing timing engine
Parsing XDC File [F:/Xilinx/Projects/exercise_12/exercise_12.srcs/constrs_1/imports/Xilinx/Nexys-A7-100T-Master.xdc]
Finished Parsing XDC File [F:/Xilinx/Projects/exercise_12/exercise_12.srcs/constrs_1/imports/Xilinx/Nexys-A7-100T-Master.xdc]
Completed Processing XDC Constraints

Netlist sorting complete. Time (s): cpu = 00:00:00 ; elapsed = 00:00:00.001 . Memory (MB): peak = 1149.914 ; gain = 0.000
INFO: [Project 1-111] Unisim Transformation Summary:
No Unisim elements were transformed.

Constraint Validation Runtime : Time (s): cpu = 00:00:00 ; elapsed = 00:00:00.082 . Memory (MB): peak = 1149.914 ; gain = 0.000
---------------------------------------------------------------------------------
Finished Constraint Validation : Time (s): cpu = 00:00:15 ; elapsed = 00:00:19 . Memory (MB): peak = 1149.914 ; gain = 0.000
---------------------------------------------------------------------------------
---------------------------------------------------------------------------------
Start Loading Part and Timing Information
---------------------------------------------------------------------------------
Loading part: xc7a100tcsg324-1
---------------------------------------------------------------------------------
Finished Loading Part and Timing Information : Time (s): cpu = 00:00:15 ; elapsed = 00:00:19 . Memory (MB): peak = 1149.914 ; gain = 0.000
---------------------------------------------------------------------------------
---------------------------------------------------------------------------------
Start Applying 'set_property' XDC Constraints
---------------------------------------------------------------------------------
---------------------------------------------------------------------------------
Finished applying 'set_property' XDC Constraints : Time (s): cpu = 00:00:15 ; elapsed = 00:00:19 . Memory (MB): peak = 1149.914 ; gain = 0.000
---------------------------------------------------------------------------------
---------------------------------------------------------------------------------
Finished RTL Optimization Phase 2 : Time (s): cpu = 00:00:15 ; elapsed = 00:00:19 . Memory (MB): peak = 1149.914 ; gain = 0.000
---------------------------------------------------------------------------------
---------------------------------------------------------------------------------
Start RTL Component Statistics 
---------------------------------------------------------------------------------
Detailed RTL Component Info : 
+---Adders : 
	   2 Input   32 Bit       Adders := 337   
+---XORs : 
	   2 Input     32 Bit         XORs := 320   
+---Registers : 
	               32 Bit    Registers := 19    
+---Muxes : 
	   2 Input    1 Bit        Muxes := 4     
---------------------------------------------------------------------------------
Finished RTL Component Statistics 
---------------------------------------------------------------------------------
---------------------------------------------------------------------------------
Start Part Resource Summary
---------------------------------------------------------------------------------
Part Resources:
DSPs: 240 (col length:80)
BRAMs: 270 (col length: RAMB18 80 RAMB36 40)
---------------------------------------------------------------------------------
Finished Part Resource Summary
---------------------------------------------------------------------------------
---------------------------------------------------------------------------------
Start Cross Boundary and Area Optimization
---------------------------------------------------------------------------------
CRITICAL WARNING: [Synth 8-6859] multi-driven net on pin \input[0][0] [31] with 1st driver pin 'input_ram_reg[0][31]/Q' [F:/Xilinx/Projects/exercise_12/exercise_12.srcs/sources_1/new/ChaCha.vhd:60]
CRITICAL WARNING: [Synth 8-6859] multi-driven net on pin \input[0][0] [31] with 2nd driver pin 'GND' [F:/Xilinx/Projects/exercise_12/exercise_12.srcs/sources_1/new/ChaCha.vhd:60]
CRITICAL WARNING: [Synth 8-6858] multi-driven net \input[0][0] [31] is connected to at least one constant driver which has been preserved, other driver is ignored [F:/Xilinx/Projects/exercise_12/exercise_12.srcs/sources_1/new/ChaCha.vhd:60]
CRITICAL WARNING: [Synth 8-6859] multi-driven net on pin \input[0][0] [30] with 1st driver pin 'input_ram_reg[0][30]/Q' [F:/Xilinx/Projects/exercise_12/exercise_12.srcs/sources_1/new/ChaCha.vhd:60]
CRITICAL WARNING: [Synth 8-6859] multi-driven net on pin \input[0][0] [30] with 2nd driver pin 'VCC' [F:/Xilinx/Projects/exercise_12/exercise_12.srcs/sources_1/new/ChaCha.vhd:60]
CRITICAL WARNING: [Synth 8-6858] multi-driven net \input[0][0] [30] is connected to at least one constant driver which has been preserved, other driver is ignored [F:/Xilinx/Projects/exercise_12/exercise_12.srcs/sources_1/new/ChaCha.vhd:60]
CRITICAL WARNING: [Synth 8-6859] multi-driven net on pin \input[0][0] [29] with 1st driver pin 'input_ram_reg[0][29]/Q' [F:/Xilinx/Projects/exercise_12/exercise_12.srcs/sources_1/new/ChaCha.vhd:60]
CRITICAL WARNING: [Synth 8-6859] multi-driven net on pin \input[0][0] [29] with 2nd driver pin 'VCC' [F:/Xilinx/Projects/exercise_12/exercise_12.srcs/sources_1/new/ChaCha.vhd:60]
CRITICAL WARNING: [Synth 8-6858] multi-driven net \input[0][0] [29] is connected to at least one constant driver which has been preserved, other driver is ignored [F:/Xilinx/Projects/exercise_12/exercise_12.srcs/sources_1/new/ChaCha.vhd:60]
CRITICAL WARNING: [Synth 8-6859] multi-driven net on pin \input[0][0] [28] with 1st driver pin 'input_ram_reg[0][28]/Q' [F:/Xilinx/Projects/exercise_12/exercise_12.srcs/sources_1/new/ChaCha.vhd:60]
CRITICAL WARNING: [Synth 8-6859] multi-driven net on pin \input[0][0] [28] with 2nd driver pin 'GND' [F:/Xilinx/Projects/exercise_12/exercise_12.srcs/sources_1/new/ChaCha.vhd:60]
CRITICAL WARNING: [Synth 8-6858] multi-driven net \input[0][0] [28] is connected to at least one constant driver which has been preserved, other driver is ignored [F:/Xilinx/Projects/exercise_12/exercise_12.srcs/sources_1/new/ChaCha.vhd:60]
CRITICAL WARNING: [Synth 8-6859] multi-driven net on pin \input[0][0] [27] with 1st driver pin 'input_ram_reg[0][27]/Q' [F:/Xilinx/Projects/exercise_12/exercise_12.srcs/sources_1/new/ChaCha.vhd:60]
CRITICAL WARNING: [Synth 8-6859] multi-driven net on pin \input[0][0] [27] with 2nd driver pin 'GND' [F:/Xilinx/Projects/exercise_12/exercise_12.srcs/sources_1/new/ChaCha.vhd:60]
CRITICAL WARNING: [Synth 8-6858] multi-driven net \input[0][0] [27] is connected to at least one constant driver which has been preserved, other driver is ignored [F:/Xilinx/Projects/exercise_12/exercise_12.srcs/sources_1/new/ChaCha.vhd:60]
CRITICAL WARNING: [Synth 8-6859] multi-driven net on pin \input[0][0] [26] with 1st driver pin 'input_ram_reg[0][26]/Q' [F:/Xilinx/Projects/exercise_12/exercise_12.srcs/sources_1/new/ChaCha.vhd:60]
CRITICAL WARNING: [Synth 8-6859] multi-driven net on pin \input[0][0] [26] with 2nd driver pin 'GND' [F:/Xilinx/Projects/exercise_12/exercise_12.srcs/sources_1/new/ChaCha.vhd:60]
CRITICAL WARNING: [Synth 8-6858] multi-driven net \input[0][0] [26] is connected to at least one constant driver which has been preserved, other driver is ignored [F:/Xilinx/Projects/exercise_12/exercise_12.srcs/sources_1/new/ChaCha.vhd:60]
CRITICAL WARNING: [Synth 8-6859] multi-driven net on pin \input[0][0] [25] with 1st driver pin 'input_ram_reg[0][25]/Q' [F:/Xilinx/Projects/exercise_12/exercise_12.srcs/sources_1/new/ChaCha.vhd:60]
CRITICAL WARNING: [Synth 8-6859] multi-driven net on pin \input[0][0] [25] with 2nd driver pin 'GND' [F:/Xilinx/Projects/exercise_12/exercise_12.srcs/sources_1/new/ChaCha.vhd:60]
CRITICAL WARNING: [Synth 8-6858] multi-driven net \input[0][0] [25] is connected to at least one constant driver which has been preserved, other driver is ignored [F:/Xilinx/Projects/exercise_12/exercise_12.srcs/sources_1/new/ChaCha.vhd:60]
CRITICAL WARNING: [Synth 8-6859] multi-driven net on pin \input[0][0] [24] with 1st driver pin 'input_ram_reg[0][24]/Q' [F:/Xilinx/Projects/exercise_12/exercise_12.srcs/sources_1/new/ChaCha.vhd:60]
CRITICAL WARNING: [Synth 8-6859] multi-driven net on pin \input[0][0] [24] with 2nd driver pin 'VCC' [F:/Xilinx/Projects/exercise_12/exercise_12.srcs/sources_1/new/ChaCha.vhd:60]
CRITICAL WARNING: [Synth 8-6858] multi-driven net \input[0][0] [24] is connected to at least one constant driver which has been preserved, other driver is ignored [F:/Xilinx/Projects/exercise_12/exercise_12.srcs/sources_1/new/ChaCha.vhd:60]
CRITICAL WARNING: [Synth 8-6859] multi-driven net on pin \input[0][0] [23] with 1st driver pin 'input_ram_reg[0][23]/Q' [F:/Xilinx/Projects/exercise_12/exercise_12.srcs/sources_1/new/ChaCha.vhd:60]
CRITICAL WARNING: [Synth 8-6859] multi-driven net on pin \input[0][0] [23] with 2nd driver pin 'GND' [F:/Xilinx/Projects/exercise_12/exercise_12.srcs/sources_1/new/ChaCha.vhd:60]
CRITICAL WARNING: [Synth 8-6858] multi-driven net \input[0][0] [23] is connected to at least one constant driver which has been preserved, other driver is ignored [F:/Xilinx/Projects/exercise_12/exercise_12.srcs/sources_1/new/ChaCha.vhd:60]
CRITICAL WARNING: [Synth 8-6859] multi-driven net on pin \input[0][0] [22] with 1st driver pin 'input_ram_reg[0][22]/Q' [F:/Xilinx/Projects/exercise_12/exercise_12.srcs/sources_1/new/ChaCha.vhd:60]
CRITICAL WARNING: [Synth 8-6859] multi-driven net on pin \input[0][0] [22] with 2nd driver pin 'VCC' [F:/Xilinx/Projects/exercise_12/exercise_12.srcs/sources_1/new/ChaCha.vhd:60]
CRITICAL WARNING: [Synth 8-6858] multi-driven net \input[0][0] [22] is connected to at least one constant driver which has been preserved, other driver is ignored [F:/Xilinx/Projects/exercise_12/exercise_12.srcs/sources_1/new/ChaCha.vhd:60]
CRITICAL WARNING: [Synth 8-6859] multi-driven net on pin \input[0][0] [21] with 1st driver pin 'input_ram_reg[0][21]/Q' [F:/Xilinx/Projects/exercise_12/exercise_12.srcs/sources_1/new/ChaCha.vhd:60]
CRITICAL WARNING: [Synth 8-6859] multi-driven net on pin \input[0][0] [21] with 2nd driver pin 'VCC' [F:/Xilinx/Projects/exercise_12/exercise_12.srcs/sources_1/new/ChaCha.vhd:60]
CRITICAL WARNING: [Synth 8-6858] multi-driven net \input[0][0] [21] is connected to at least one constant driver which has been preserved, other driver is ignored [F:/Xilinx/Projects/exercise_12/exercise_12.srcs/sources_1/new/ChaCha.vhd:60]
CRITICAL WARNING: [Synth 8-6859] multi-driven net on pin \input[0][0] [20] with 1st driver pin 'input_ram_reg[0][20]/Q' [F:/Xilinx/Projects/exercise_12/exercise_12.srcs/sources_1/new/ChaCha.vhd:60]
CRITICAL WARNING: [Synth 8-6859] multi-driven net on pin \input[0][0] [20] with 2nd driver pin 'VCC' [F:/Xilinx/Projects/exercise_12/exercise_12.srcs/sources_1/new/ChaCha.vhd:60]
CRITICAL WARNING: [Synth 8-6858] multi-driven net \input[0][0] [20] is connected to at least one constant driver which has been preserved, other driver is ignored [F:/Xilinx/Projects/exercise_12/exercise_12.srcs/sources_1/new/ChaCha.vhd:60]
CRITICAL WARNING: [Synth 8-6859] multi-driven net on pin \input[0][0] [19] with 1st driver pin 'input_ram_reg[0][19]/Q' [F:/Xilinx/Projects/exercise_12/exercise_12.srcs/sources_1/new/ChaCha.vhd:60]
CRITICAL WARNING: [Synth 8-6859] multi-driven net on pin \input[0][0] [19] with 2nd driver pin 'GND' [F:/Xilinx/Projects/exercise_12/exercise_12.srcs/sources_1/new/ChaCha.vhd:60]
CRITICAL WARNING: [Synth 8-6858] multi-driven net \input[0][0] [19] is connected to at least one constant driver which has been preserved, other driver is ignored [F:/Xilinx/Projects/exercise_12/exercise_12.srcs/sources_1/new/ChaCha.vhd:60]
CRITICAL WARNING: [Synth 8-6859] multi-driven net on pin \input[0][0] [18] with 1st driver pin 'input_ram_reg[0][18]/Q' [F:/Xilinx/Projects/exercise_12/exercise_12.srcs/sources_1/new/ChaCha.vhd:60]
CRITICAL WARNING: [Synth 8-6859] multi-driven net on pin \input[0][0] [18] with 2nd driver pin 'GND' [F:/Xilinx/Projects/exercise_12/exercise_12.srcs/sources_1/new/ChaCha.vhd:60]
CRITICAL WARNING: [Synth 8-6858] multi-driven net \input[0][0] [18] is connected to at least one constant driver which has been preserved, other driver is ignored [F:/Xilinx/Projects/exercise_12/exercise_12.srcs/sources_1/new/ChaCha.vhd:60]
CRITICAL WARNING: [Synth 8-6859] multi-driven net on pin \input[0][0] [17] with 1st driver pin 'input_ram_reg[0][17]/Q' [F:/Xilinx/Projects/exercise_12/exercise_12.srcs/sources_1/new/ChaCha.vhd:60]
CRITICAL WARNING: [Synth 8-6859] multi-driven net on pin \input[0][0] [17] with 2nd driver pin 'GND' [F:/Xilinx/Projects/exercise_12/exercise_12.srcs/sources_1/new/ChaCha.vhd:60]
CRITICAL WARNING: [Synth 8-6858] multi-driven net \input[0][0] [17] is connected to at least one constant driver which has been preserved, other driver is ignored [F:/Xilinx/Projects/exercise_12/exercise_12.srcs/sources_1/new/ChaCha.vhd:60]
CRITICAL WARNING: [Synth 8-6859] multi-driven net on pin \input[0][0] [16] with 1st driver pin 'input_ram_reg[0][16]/Q' [F:/Xilinx/Projects/exercise_12/exercise_12.srcs/sources_1/new/ChaCha.vhd:60]
CRITICAL WARNING: [Synth 8-6859] multi-driven net on pin \input[0][0] [16] with 2nd driver pin 'GND' [F:/Xilinx/Projects/exercise_12/exercise_12.srcs/sources_1/new/ChaCha.vhd:60]
CRITICAL WARNING: [Synth 8-6858] multi-driven net \input[0][0] [16] is connected to at least one constant driver which has been preserved, other driver is ignored [F:/Xilinx/Projects/exercise_12/exercise_12.srcs/sources_1/new/ChaCha.vhd:60]
CRITICAL WARNING: [Synth 8-6859] multi-driven net on pin \input[0][0] [15] with 1st driver pin 'input_ram_reg[0][15]/Q' [F:/Xilinx/Projects/exercise_12/exercise_12.srcs/sources_1/new/ChaCha.vhd:60]
CRITICAL WARNING: [Synth 8-6859] multi-driven net on pin \input[0][0] [15] with 2nd driver pin 'GND' [F:/Xilinx/Projects/exercise_12/exercise_12.srcs/sources_1/new/ChaCha.vhd:60]
CRITICAL WARNING: [Synth 8-6858] multi-driven net \input[0][0] [15] is connected to at least one constant driver which has been preserved, other driver is ignored [F:/Xilinx/Projects/exercise_12/exercise_12.srcs/sources_1/new/ChaCha.vhd:60]
CRITICAL WARNING: [Synth 8-6859] multi-driven net on pin \input[0][0] [14] with 1st driver pin 'input_ram_reg[0][14]/Q' [F:/Xilinx/Projects/exercise_12/exercise_12.srcs/sources_1/new/ChaCha.vhd:60]
CRITICAL WARNING: [Synth 8-6859] multi-driven net on pin \input[0][0] [14] with 2nd driver pin 'VCC' [F:/Xilinx/Projects/exercise_12/exercise_12.srcs/sources_1/new/ChaCha.vhd:60]
CRITICAL WARNING: [Synth 8-6858] multi-driven net \input[0][0] [14] is connected to at least one constant driver which has been preserved, other driver is ignored [F:/Xilinx/Projects/exercise_12/exercise_12.srcs/sources_1/new/ChaCha.vhd:60]
CRITICAL WARNING: [Synth 8-6859] multi-driven net on pin \input[0][0] [13] with 1st driver pin 'input_ram_reg[0][13]/Q' [F:/Xilinx/Projects/exercise_12/exercise_12.srcs/sources_1/new/ChaCha.vhd:60]
CRITICAL WARNING: [Synth 8-6859] multi-driven net on pin \input[0][0] [13] with 2nd driver pin 'VCC' [F:/Xilinx/Projects/exercise_12/exercise_12.srcs/sources_1/new/ChaCha.vhd:60]
CRITICAL WARNING: [Synth 8-6858] multi-driven net \input[0][0] [13] is connected to at least one constant driver which has been preserved, other driver is ignored [F:/Xilinx/Projects/exercise_12/exercise_12.srcs/sources_1/new/ChaCha.vhd:60]
CRITICAL WARNING: [Synth 8-6859] multi-driven net on pin \input[0][0] [12] with 1st driver pin 'input_ram_reg[0][12]/Q' [F:/Xilinx/Projects/exercise_12/exercise_12.srcs/sources_1/new/ChaCha.vhd:60]
CRITICAL WARNING: [Synth 8-6859] multi-driven net on pin \input[0][0] [12] with 2nd driver pin 'VCC' [F:/Xilinx/Projects/exercise_12/exercise_12.srcs/sources_1/new/ChaCha.vhd:60]
CRITICAL WARNING: [Synth 8-6858] multi-driven net \input[0][0] [12] is connected to at least one constant driver which has been preserved, other driver is ignored [F:/Xilinx/Projects/exercise_12/exercise_12.srcs/sources_1/new/ChaCha.vhd:60]
CRITICAL WARNING: [Synth 8-6859] multi-driven net on pin \input[0][0] [11] with 1st driver pin 'input_ram_reg[0][11]/Q' [F:/Xilinx/Projects/exercise_12/exercise_12.srcs/sources_1/new/ChaCha.vhd:60]
CRITICAL WARNING: [Synth 8-6859] multi-driven net on pin \input[0][0] [11] with 2nd driver pin 'VCC' [F:/Xilinx/Projects/exercise_12/exercise_12.srcs/sources_1/new/ChaCha.vhd:60]
CRITICAL WARNING: [Synth 8-6858] multi-driven net \input[0][0] [11] is connected to at least one constant driver which has been preserved, other driver is ignored [F:/Xilinx/Projects/exercise_12/exercise_12.srcs/sources_1/new/ChaCha.vhd:60]
CRITICAL WARNING: [Synth 8-6859] multi-driven net on pin \input[0][0] [10] with 1st driver pin 'input_ram_reg[0][10]/Q' [F:/Xilinx/Projects/exercise_12/exercise_12.srcs/sources_1/new/ChaCha.vhd:60]
CRITICAL WARNING: [Synth 8-6859] multi-driven net on pin \input[0][0] [10] with 2nd driver pin 'GND' [F:/Xilinx/Projects/exercise_12/exercise_12.srcs/sources_1/new/ChaCha.vhd:60]
CRITICAL WARNING: [Synth 8-6858] multi-driven net \input[0][0] [10] is connected to at least one constant driver which has been preserved, other driver is ignored [F:/Xilinx/Projects/exercise_12/exercise_12.srcs/sources_1/new/ChaCha.vhd:60]
CRITICAL WARNING: [Synth 8-6859] multi-driven net on pin \input[0][0] [9] with 1st driver pin 'input_ram_reg[0][9]/Q' [F:/Xilinx/Projects/exercise_12/exercise_12.srcs/sources_1/new/ChaCha.vhd:60]
CRITICAL WARNING: [Synth 8-6859] multi-driven net on pin \input[0][0] [9] with 2nd driver pin 'GND' [F:/Xilinx/Projects/exercise_12/exercise_12.srcs/sources_1/new/ChaCha.vhd:60]
CRITICAL WARNING: [Synth 8-6858] multi-driven net \input[0][0] [9] is connected to at least one constant driver which has been preserved, other driver is ignored [F:/Xilinx/Projects/exercise_12/exercise_12.srcs/sources_1/new/ChaCha.vhd:60]
CRITICAL WARNING: [Synth 8-6859] multi-driven net on pin \input[0][0] [8] with 1st driver pin 'input_ram_reg[0][8]/Q' [F:/Xilinx/Projects/exercise_12/exercise_12.srcs/sources_1/new/ChaCha.vhd:60]
CRITICAL WARNING: [Synth 8-6859] multi-driven net on pin \input[0][0] [8] with 2nd driver pin 'GND' [F:/Xilinx/Projects/exercise_12/exercise_12.srcs/sources_1/new/ChaCha.vhd:60]
CRITICAL WARNING: [Synth 8-6858] multi-driven net \input[0][0] [8] is connected to at least one constant driver which has been preserved, other driver is ignored [F:/Xilinx/Projects/exercise_12/exercise_12.srcs/sources_1/new/ChaCha.vhd:60]
CRITICAL WARNING: [Synth 8-6859] multi-driven net on pin \input[0][0] [7] with 1st driver pin 'input_ram_reg[0][7]/Q' [F:/Xilinx/Projects/exercise_12/exercise_12.srcs/sources_1/new/ChaCha.vhd:60]
CRITICAL WARNING: [Synth 8-6859] multi-driven net on pin \input[0][0] [7] with 2nd driver pin 'GND' [F:/Xilinx/Projects/exercise_12/exercise_12.srcs/sources_1/new/ChaCha.vhd:60]
CRITICAL WARNING: [Synth 8-6858] multi-driven net \input[0][0] [7] is connected to at least one constant driver which has been preserved, other driver is ignored [F:/Xilinx/Projects/exercise_12/exercise_12.srcs/sources_1/new/ChaCha.vhd:60]
CRITICAL WARNING: [Synth 8-6859] multi-driven net on pin \input[0][0] [6] with 1st driver pin 'input_ram_reg[0][6]/Q' [F:/Xilinx/Projects/exercise_12/exercise_12.srcs/sources_1/new/ChaCha.vhd:60]
CRITICAL WARNING: [Synth 8-6859] multi-driven net on pin \input[0][0] [6] with 2nd driver pin 'VCC' [F:/Xilinx/Projects/exercise_12/exercise_12.srcs/sources_1/new/ChaCha.vhd:60]
CRITICAL WARNING: [Synth 8-6858] multi-driven net \input[0][0] [6] is connected to at least one constant driver which has been preserved, other driver is ignored [F:/Xilinx/Projects/exercise_12/exercise_12.srcs/sources_1/new/ChaCha.vhd:60]
CRITICAL WARNING: [Synth 8-6859] multi-driven net on pin \input[0][0] [5] with 1st driver pin 'input_ram_reg[0][5]/Q' [F:/Xilinx/Projects/exercise_12/exercise_12.srcs/sources_1/new/ChaCha.vhd:60]
CRITICAL WARNING: [Synth 8-6859] multi-driven net on pin \input[0][0] [5] with 2nd driver pin 'VCC' [F:/Xilinx/Projects/exercise_12/exercise_12.srcs/sources_1/new/ChaCha.vhd:60]
CRITICAL WARNING: [Synth 8-6858] multi-driven net \input[0][0] [5] is connected to at least one constant driver which has been preserved, other driver is ignored [F:/Xilinx/Projects/exercise_12/exercise_12.srcs/sources_1/new/ChaCha.vhd:60]
CRITICAL WARNING: [Synth 8-6859] multi-driven net on pin \input[0][0] [4] with 1st driver pin 'input_ram_reg[0][4]/Q' [F:/Xilinx/Projects/exercise_12/exercise_12.srcs/sources_1/new/ChaCha.vhd:60]
CRITICAL WARNING: [Synth 8-6859] multi-driven net on pin \input[0][0] [4] with 2nd driver pin 'GND' [F:/Xilinx/Projects/exercise_12/exercise_12.srcs/sources_1/new/ChaCha.vhd:60]
CRITICAL WARNING: [Synth 8-6858] multi-driven net \input[0][0] [4] is connected to at least one constant driver which has been preserved, other driver is ignored [F:/Xilinx/Projects/exercise_12/exercise_12.srcs/sources_1/new/ChaCha.vhd:60]
CRITICAL WARNING: [Synth 8-6859] multi-driven net on pin \input[0][0] [3] with 1st driver pin 'input_ram_reg[0][3]/Q' [F:/Xilinx/Projects/exercise_12/exercise_12.srcs/sources_1/new/ChaCha.vhd:60]
CRITICAL WARNING: [Synth 8-6859] multi-driven net on pin \input[0][0] [3] with 2nd driver pin 'GND' [F:/Xilinx/Projects/exercise_12/exercise_12.srcs/sources_1/new/ChaCha.vhd:60]
CRITICAL WARNING: [Synth 8-6858] multi-driven net \input[0][0] [3] is connected to at least one constant driver which has been preserved, other driver is ignored [F:/Xilinx/Projects/exercise_12/exercise_12.srcs/sources_1/new/ChaCha.vhd:60]
CRITICAL WARNING: [Synth 8-6859] multi-driven net on pin \input[0][0] [2] with 1st driver pin 'input_ram_reg[0][2]/Q' [F:/Xilinx/Projects/exercise_12/exercise_12.srcs/sources_1/new/ChaCha.vhd:60]
CRITICAL WARNING: [Synth 8-6859] multi-driven net on pin \input[0][0] [2] with 2nd driver pin 'VCC' [F:/Xilinx/Projects/exercise_12/exercise_12.srcs/sources_1/new/ChaCha.vhd:60]
CRITICAL WARNING: [Synth 8-6858] multi-driven net \input[0][0] [2] is connected to at least one constant driver which has been preserved, other driver is ignored [F:/Xilinx/Projects/exercise_12/exercise_12.srcs/sources_1/new/ChaCha.vhd:60]
CRITICAL WARNING: [Synth 8-6859] multi-driven net on pin \input[0][0] [1] with 1st driver pin 'input_ram_reg[0][1]/Q' [F:/Xilinx/Projects/exercise_12/exercise_12.srcs/sources_1/new/ChaCha.vhd:60]
CRITICAL WARNING: [Synth 8-6859] multi-driven net on pin \input[0][0] [1] with 2nd driver pin 'GND' [F:/Xilinx/Projects/exercise_12/exercise_12.srcs/sources_1/new/ChaCha.vhd:60]
CRITICAL WARNING: [Synth 8-6858] multi-driven net \input[0][0] [1] is connected to at least one constant driver which has been preserved, other driver is ignored [F:/Xilinx/Projects/exercise_12/exercise_12.srcs/sources_1/new/ChaCha.vhd:60]
CRITICAL WARNING: [Synth 8-6859] multi-driven net on pin \input[0][0] [0] with 1st driver pin 'input_ram_reg[0][0]/Q' [F:/Xilinx/Projects/exercise_12/exercise_12.srcs/sources_1/new/ChaCha.vhd:60]
CRITICAL WARNING: [Synth 8-6859] multi-driven net on pin \input[0][0] [0] with 2nd driver pin 'VCC' [F:/Xilinx/Projects/exercise_12/exercise_12.srcs/sources_1/new/ChaCha.vhd:60]
CRITICAL WARNING: [Synth 8-6858] multi-driven net \input[0][0] [0] is connected to at least one constant driver which has been preserved, other driver is ignored [F:/Xilinx/Projects/exercise_12/exercise_12.srcs/sources_1/new/ChaCha.vhd:60]
CRITICAL WARNING: [Synth 8-6859] multi-driven net on pin \input[0][1] [31] with 1st driver pin 'input_ram_reg[1][31]/Q' [F:/Xilinx/Projects/exercise_12/exercise_12.srcs/sources_1/new/ChaCha.vhd:60]
CRITICAL WARNING: [Synth 8-6859] multi-driven net on pin \input[0][1] [31] with 2nd driver pin 'GND' [F:/Xilinx/Projects/exercise_12/exercise_12.srcs/sources_1/new/ChaCha.vhd:60]
CRITICAL WARNING: [Synth 8-6858] multi-driven net \input[0][1] [31] is connected to at least one constant driver which has been preserved, other driver is ignored [F:/Xilinx/Projects/exercise_12/exercise_12.srcs/sources_1/new/ChaCha.vhd:60]
CRITICAL WARNING: [Synth 8-6859] multi-driven net on pin \input[0][1] [30] with 1st driver pin 'input_ram_reg[1][30]/Q' [F:/Xilinx/Projects/exercise_12/exercise_12.srcs/sources_1/new/ChaCha.vhd:60]
CRITICAL WARNING: [Synth 8-6859] multi-driven net on pin \input[0][1] [30] with 2nd driver pin 'GND' [F:/Xilinx/Projects/exercise_12/exercise_12.srcs/sources_1/new/ChaCha.vhd:60]
CRITICAL WARNING: [Synth 8-6858] multi-driven net \input[0][1] [30] is connected to at least one constant driver which has been preserved, other driver is ignored [F:/Xilinx/Projects/exercise_12/exercise_12.srcs/sources_1/new/ChaCha.vhd:60]
CRITICAL WARNING: [Synth 8-6859] multi-driven net on pin \input[0][1] [29] with 1st driver pin 'input_ram_reg[1][29]/Q' [F:/Xilinx/Projects/exercise_12/exercise_12.srcs/sources_1/new/ChaCha.vhd:60]
CRITICAL WARNING: [Synth 8-6859] multi-driven net on pin \input[0][1] [29] with 2nd driver pin 'VCC' [F:/Xilinx/Projects/exercise_12/exercise_12.srcs/sources_1/new/ChaCha.vhd:60]
CRITICAL WARNING: [Synth 8-6858] multi-driven net \input[0][1] [29] is connected to at least one constant driver which has been preserved, other driver is ignored [F:/Xilinx/Projects/exercise_12/exercise_12.srcs/sources_1/new/ChaCha.vhd:60]
CRITICAL WARNING: [Synth 8-6859] multi-driven net on pin \input[0][1] [28] with 1st driver pin 'input_ram_reg[1][28]/Q' [F:/Xilinx/Projects/exercise_12/exercise_12.srcs/sources_1/new/ChaCha.vhd:60]
CRITICAL WARNING: [Synth 8-6859] multi-driven net on pin \input[0][1] [28] with 2nd driver pin 'VCC' [F:/Xilinx/Projects/exercise_12/exercise_12.srcs/sources_1/new/ChaCha.vhd:60]
CRITICAL WARNING: [Synth 8-6858] multi-driven net \input[0][1] [28] is connected to at least one constant driver which has been preserved, other driver is ignored [F:/Xilinx/Projects/exercise_12/exercise_12.srcs/sources_1/new/ChaCha.vhd:60]
CRITICAL WARNING: [Synth 8-6859] multi-driven net on pin \input[0][1] [27] with 1st driver pin 'input_ram_reg[1][27]/Q' [F:/Xilinx/Projects/exercise_12/exercise_12.srcs/sources_1/new/ChaCha.vhd:60]
CRITICAL WARNING: [Synth 8-6859] multi-driven net on pin \input[0][1] [27] with 2nd driver pin 'GND' [F:/Xilinx/Projects/exercise_12/exercise_12.srcs/sources_1/new/ChaCha.vhd:60]
CRITICAL WARNING: [Synth 8-6858] multi-driven net \input[0][1] [27] is connected to at least one constant driver which has been preserved, other driver is ignored [F:/Xilinx/Projects/exercise_12/exercise_12.srcs/sources_1/new/ChaCha.vhd:60]
CRITICAL WARNING: [Synth 8-6859] multi-driven net on pin \input[0][1] [26] with 1st driver pin 'input_ram_reg[1][26]/Q' [F:/Xilinx/Projects/exercise_12/exercise_12.srcs/sources_1/new/ChaCha.vhd:60]
CRITICAL WARNING: [Synth 8-6859] multi-driven net on pin \input[0][1] [26] with 2nd driver pin 'GND' [F:/Xilinx/Projects/exercise_12/exercise_12.srcs/sources_1/new/ChaCha.vhd:60]
CRITICAL WARNING: [Synth 8-6858] multi-driven net \input[0][1] [26] is connected to at least one constant driver which has been preserved, other driver is ignored [F:/Xilinx/Projects/exercise_12/exercise_12.srcs/sources_1/new/ChaCha.vhd:60]
CRITICAL WARNING: [Synth 8-6859] multi-driven net on pin \input[0][1] [25] with 1st driver pin 'input_ram_reg[1][25]/Q' [F:/Xilinx/Projects/exercise_12/exercise_12.srcs/sources_1/new/ChaCha.vhd:60]
CRITICAL WARNING: [Synth 8-6859] multi-driven net on pin \input[0][1] [25] with 2nd driver pin 'VCC' [F:/Xilinx/Projects/exercise_12/exercise_12.srcs/sources_1/new/ChaCha.vhd:60]
CRITICAL WARNING: [Synth 8-6858] multi-driven net \input[0][1] [25] is connected to at least one constant driver which has been preserved, other driver is ignored [F:/Xilinx/Projects/exercise_12/exercise_12.srcs/sources_1/new/ChaCha.vhd:60]
CRITICAL WARNING: [Synth 8-6859] multi-driven net on pin \input[0][1] [24] with 1st driver pin 'input_ram_reg[1][24]/Q' [F:/Xilinx/Projects/exercise_12/exercise_12.srcs/sources_1/new/ChaCha.vhd:60]
CRITICAL WARNING: [Synth 8-6859] multi-driven net on pin \input[0][1] [24] with 2nd driver pin 'VCC' [F:/Xilinx/Projects/exercise_12/exercise_12.srcs/sources_1/new/ChaCha.vhd:60]
CRITICAL WARNING: [Synth 8-6858] multi-driven net \input[0][1] [24] is connected to at least one constant driver which has been preserved, other driver is ignored [F:/Xilinx/Projects/exercise_12/exercise_12.srcs/sources_1/new/ChaCha.vhd:60]
CRITICAL WARNING: [Synth 8-6859] multi-driven net on pin \input[0][1] [23] with 1st driver pin 'input_ram_reg[1][23]/Q' [F:/Xilinx/Projects/exercise_12/exercise_12.srcs/sources_1/new/ChaCha.vhd:60]
CRITICAL WARNING: [Synth 8-6859] multi-driven net on pin \input[0][1] [23] with 2nd driver pin 'GND' [F:/Xilinx/Projects/exercise_12/exercise_12.srcs/sources_1/new/ChaCha.vhd:60]
CRITICAL WARNING: [Synth 8-6858] multi-driven net \input[0][1] [23] is connected to at least one constant driver which has been preserved, other driver is ignored [F:/Xilinx/Projects/exercise_12/exercise_12.srcs/sources_1/new/ChaCha.vhd:60]
CRITICAL WARNING: [Synth 8-6859] multi-driven net on pin \input[0][1] [22] with 1st driver pin 'input_ram_reg[1][22]/Q' [F:/Xilinx/Projects/exercise_12/exercise_12.srcs/sources_1/new/ChaCha.vhd:60]
CRITICAL WARNING: [Synth 8-6859] multi-driven net on pin \input[0][1] [22] with 2nd driver pin 'GND' [F:/Xilinx/Projects/exercise_12/exercise_12.srcs/sources_1/new/ChaCha.vhd:60]
CRITICAL WARNING: [Synth 8-6858] multi-driven net \input[0][1] [22] is connected to at least one constant driver which has been preserved, other driver is ignored [F:/Xilinx/Projects/exercise_12/exercise_12.srcs/sources_1/new/ChaCha.vhd:60]
CRITICAL WARNING: [Synth 8-6859] multi-driven net on pin \input[0][1] [21] with 1st driver pin 'input_ram_reg[1][21]/Q' [F:/Xilinx/Projects/exercise_12/exercise_12.srcs/sources_1/new/ChaCha.vhd:60]
CRITICAL WARNING: [Synth 8-6859] multi-driven net on pin \input[0][1] [21] with 2nd driver pin 'VCC' [F:/Xilinx/Projects/exercise_12/exercise_12.srcs/sources_1/new/ChaCha.vhd:60]
CRITICAL WARNING: [Synth 8-6858] multi-driven net \input[0][1] [21] is connected to at least one constant driver which has been preserved, other driver is ignored [F:/Xilinx/Projects/exercise_12/exercise_12.srcs/sources_1/new/ChaCha.vhd:60]
CRITICAL WARNING: [Synth 8-6859] multi-driven net on pin \input[0][1] [20] with 1st driver pin 'input_ram_reg[1][20]/Q' [F:/Xilinx/Projects/exercise_12/exercise_12.srcs/sources_1/new/ChaCha.vhd:60]
CRITICAL WARNING: [Synth 8-6859] multi-driven net on pin \input[0][1] [20] with 2nd driver pin 'GND' [F:/Xilinx/Projects/exercise_12/exercise_12.srcs/sources_1/new/ChaCha.vhd:60]
CRITICAL WARNING: [Synth 8-6858] multi-driven net \input[0][1] [20] is connected to at least one constant driver which has been preserved, other driver is ignored [F:/Xilinx/Projects/exercise_12/exercise_12.srcs/sources_1/new/ChaCha.vhd:60]
CRITICAL WARNING: [Synth 8-6859] multi-driven net on pin \input[0][1] [19] with 1st driver pin 'input_ram_reg[1][19]/Q' [F:/Xilinx/Projects/exercise_12/exercise_12.srcs/sources_1/new/ChaCha.vhd:60]
CRITICAL WARNING: [Synth 8-6859] multi-driven net on pin \input[0][1] [19] with 2nd driver pin 'GND' [F:/Xilinx/Projects/exercise_12/exercise_12.srcs/sources_1/new/ChaCha.vhd:60]
CRITICAL WARNING: [Synth 8-6858] multi-driven net \input[0][1] [19] is connected to at least one constant driver which has been preserved, other driver is ignored [F:/Xilinx/Projects/exercise_12/exercise_12.srcs/sources_1/new/ChaCha.vhd:60]
CRITICAL WARNING: [Synth 8-6859] multi-driven net on pin \input[0][1] [18] with 1st driver pin 'input_ram_reg[1][18]/Q' [F:/Xilinx/Projects/exercise_12/exercise_12.srcs/sources_1/new/ChaCha.vhd:60]
CRITICAL WARNING: [Synth 8-6859] multi-driven net on pin \input[0][1] [18] with 2nd driver pin 'GND' [F:/Xilinx/Projects/exercise_12/exercise_12.srcs/sources_1/new/ChaCha.vhd:60]
CRITICAL WARNING: [Synth 8-6858] multi-driven net \input[0][1] [18] is connected to at least one constant driver which has been preserved, other driver is ignored [F:/Xilinx/Projects/exercise_12/exercise_12.srcs/sources_1/new/ChaCha.vhd:60]
CRITICAL WARNING: [Synth 8-6859] multi-driven net on pin \input[0][1] [17] with 1st driver pin 'input_ram_reg[1][17]/Q' [F:/Xilinx/Projects/exercise_12/exercise_12.srcs/sources_1/new/ChaCha.vhd:60]
CRITICAL WARNING: [Synth 8-6859] multi-driven net on pin \input[0][1] [17] with 2nd driver pin 'GND' [F:/Xilinx/Projects/exercise_12/exercise_12.srcs/sources_1/new/ChaCha.vhd:60]
CRITICAL WARNING: [Synth 8-6858] multi-driven net \input[0][1] [17] is connected to at least one constant driver which has been preserved, other driver is ignored [F:/Xilinx/Projects/exercise_12/exercise_12.srcs/sources_1/new/ChaCha.vhd:60]
CRITICAL WARNING: [Synth 8-6859] multi-driven net on pin \input[0][1] [16] with 1st driver pin 'input_ram_reg[1][16]/Q' [F:/Xilinx/Projects/exercise_12/exercise_12.srcs/sources_1/new/ChaCha.vhd:60]
CRITICAL WARNING: [Synth 8-6859] multi-driven net on pin \input[0][1] [16] with 2nd driver pin 'GND' [F:/Xilinx/Projects/exercise_12/exercise_12.srcs/sources_1/new/ChaCha.vhd:60]
CRITICAL WARNING: [Synth 8-6858] multi-driven net \input[0][1] [16] is connected to at least one constant driver which has been preserved, other driver is ignored [F:/Xilinx/Projects/exercise_12/exercise_12.srcs/sources_1/new/ChaCha.vhd:60]
CRITICAL WARNING: [Synth 8-6859] multi-driven net on pin \input[0][1] [15] with 1st driver pin 'input_ram_reg[1][15]/Q' [F:/Xilinx/Projects/exercise_12/exercise_12.srcs/sources_1/new/ChaCha.vhd:60]
CRITICAL WARNING: [Synth 8-6859] multi-driven net on pin \input[0][1] [15] with 2nd driver pin 'GND' [F:/Xilinx/Projects/exercise_12/exercise_12.srcs/sources_1/new/ChaCha.vhd:60]
CRITICAL WARNING: [Synth 8-6858] multi-driven net \input[0][1] [15] is connected to at least one constant driver which has been preserved, other driver is ignored [F:/Xilinx/Projects/exercise_12/exercise_12.srcs/sources_1/new/ChaCha.vhd:60]
CRITICAL WARNING: [Synth 8-6859] multi-driven net on pin \input[0][1] [14] with 1st driver pin 'input_ram_reg[1][14]/Q' [F:/Xilinx/Projects/exercise_12/exercise_12.srcs/sources_1/new/ChaCha.vhd:60]
CRITICAL WARNING: [Synth 8-6859] multi-driven net on pin \input[0][1] [14] with 2nd driver pin 'VCC' [F:/Xilinx/Projects/exercise_12/exercise_12.srcs/sources_1/new/ChaCha.vhd:60]
INFO: [Common 17-14] Message 'Synth 8-6859' appears 100 times and further instances of the messages will be disabled. Use the Tcl command set_msg_config to change the current settings.
CRITICAL WARNING: [Synth 8-6858] multi-driven net \input[0][1] [14] is connected to at least one constant driver which has been preserved, other driver is ignored [F:/Xilinx/Projects/exercise_12/exercise_12.srcs/sources_1/new/ChaCha.vhd:60]
CRITICAL WARNING: [Synth 8-6858] multi-driven net \input[0][1] [13] is connected to at least one constant driver which has been preserved, other driver is ignored [F:/Xilinx/Projects/exercise_12/exercise_12.srcs/sources_1/new/ChaCha.vhd:60]
CRITICAL WARNING: [Synth 8-6858] multi-driven net \input[0][1] [12] is connected to at least one constant driver which has been preserved, other driver is ignored [F:/Xilinx/Projects/exercise_12/exercise_12.srcs/sources_1/new/ChaCha.vhd:60]
CRITICAL WARNING: [Synth 8-6858] multi-driven net \input[0][1] [11] is connected to at least one constant driver which has been preserved, other driver is ignored [F:/Xilinx/Projects/exercise_12/exercise_12.srcs/sources_1/new/ChaCha.vhd:60]
CRITICAL WARNING: [Synth 8-6858] multi-driven net \input[0][1] [10] is connected to at least one constant driver which has been preserved, other driver is ignored [F:/Xilinx/Projects/exercise_12/exercise_12.srcs/sources_1/new/ChaCha.vhd:60]
CRITICAL WARNING: [Synth 8-6858] multi-driven net \input[0][1] [9] is connected to at least one constant driver which has been preserved, other driver is ignored [F:/Xilinx/Projects/exercise_12/exercise_12.srcs/sources_1/new/ChaCha.vhd:60]
CRITICAL WARNING: [Synth 8-6858] multi-driven net \input[0][1] [8] is connected to at least one constant driver which has been preserved, other driver is ignored [F:/Xilinx/Projects/exercise_12/exercise_12.srcs/sources_1/new/ChaCha.vhd:60]
CRITICAL WARNING: [Synth 8-6858] multi-driven net \input[0][1] [7] is connected to at least one constant driver which has been preserved, other driver is ignored [F:/Xilinx/Projects/exercise_12/exercise_12.srcs/sources_1/new/ChaCha.vhd:60]
CRITICAL WARNING: [Synth 8-6858] multi-driven net \input[0][1] [6] is connected to at least one constant driver which has been preserved, other driver is ignored [F:/Xilinx/Projects/exercise_12/exercise_12.srcs/sources_1/new/ChaCha.vhd:60]
CRITICAL WARNING: [Synth 8-6858] multi-driven net \input[0][1] [5] is connected to at least one constant driver which has been preserved, other driver is ignored [F:/Xilinx/Projects/exercise_12/exercise_12.srcs/sources_1/new/ChaCha.vhd:60]
CRITICAL WARNING: [Synth 8-6858] multi-driven net \input[0][1] [4] is connected to at least one constant driver which has been preserved, other driver is ignored [F:/Xilinx/Projects/exercise_12/exercise_12.srcs/sources_1/new/ChaCha.vhd:60]
CRITICAL WARNING: [Synth 8-6858] multi-driven net \input[0][1] [3] is connected to at least one constant driver which has been preserved, other driver is ignored [F:/Xilinx/Projects/exercise_12/exercise_12.srcs/sources_1/new/ChaCha.vhd:60]
CRITICAL WARNING: [Synth 8-6858] multi-driven net \input[0][1] [2] is connected to at least one constant driver which has been preserved, other driver is ignored [F:/Xilinx/Projects/exercise_12/exercise_12.srcs/sources_1/new/ChaCha.vhd:60]
CRITICAL WARNING: [Synth 8-6858] multi-driven net \input[0][1] [1] is connected to at least one constant driver which has been preserved, other driver is ignored [F:/Xilinx/Projects/exercise_12/exercise_12.srcs/sources_1/new/ChaCha.vhd:60]
CRITICAL WARNING: [Synth 8-6858] multi-driven net \input[0][1] [0] is connected to at least one constant driver which has been preserved, other driver is ignored [F:/Xilinx/Projects/exercise_12/exercise_12.srcs/sources_1/new/ChaCha.vhd:60]
CRITICAL WARNING: [Synth 8-6858] multi-driven net \input[0][2] [31] is connected to at least one constant driver which has been preserved, other driver is ignored [F:/Xilinx/Projects/exercise_12/exercise_12.srcs/sources_1/new/ChaCha.vhd:60]
CRITICAL WARNING: [Synth 8-6858] multi-driven net \input[0][2] [30] is connected to at least one constant driver which has been preserved, other driver is ignored [F:/Xilinx/Projects/exercise_12/exercise_12.srcs/sources_1/new/ChaCha.vhd:60]
CRITICAL WARNING: [Synth 8-6858] multi-driven net \input[0][2] [29] is connected to at least one constant driver which has been preserved, other driver is ignored [F:/Xilinx/Projects/exercise_12/exercise_12.srcs/sources_1/new/ChaCha.vhd:60]
CRITICAL WARNING: [Synth 8-6858] multi-driven net \input[0][2] [28] is connected to at least one constant driver which has been preserved, other driver is ignored [F:/Xilinx/Projects/exercise_12/exercise_12.srcs/sources_1/new/ChaCha.vhd:60]
CRITICAL WARNING: [Synth 8-6858] multi-driven net \input[0][2] [27] is connected to at least one constant driver which has been preserved, other driver is ignored [F:/Xilinx/Projects/exercise_12/exercise_12.srcs/sources_1/new/ChaCha.vhd:60]
CRITICAL WARNING: [Synth 8-6858] multi-driven net \input[0][2] [26] is connected to at least one constant driver which has been preserved, other driver is ignored [F:/Xilinx/Projects/exercise_12/exercise_12.srcs/sources_1/new/ChaCha.vhd:60]
CRITICAL WARNING: [Synth 8-6858] multi-driven net \input[0][2] [25] is connected to at least one constant driver which has been preserved, other driver is ignored [F:/Xilinx/Projects/exercise_12/exercise_12.srcs/sources_1/new/ChaCha.vhd:60]
CRITICAL WARNING: [Synth 8-6858] multi-driven net \input[0][2] [24] is connected to at least one constant driver which has been preserved, other driver is ignored [F:/Xilinx/Projects/exercise_12/exercise_12.srcs/sources_1/new/ChaCha.vhd:60]
CRITICAL WARNING: [Synth 8-6858] multi-driven net \input[0][2] [23] is connected to at least one constant driver which has been preserved, other driver is ignored [F:/Xilinx/Projects/exercise_12/exercise_12.srcs/sources_1/new/ChaCha.vhd:60]
CRITICAL WARNING: [Synth 8-6858] multi-driven net \input[0][2] [22] is connected to at least one constant driver which has been preserved, other driver is ignored [F:/Xilinx/Projects/exercise_12/exercise_12.srcs/sources_1/new/ChaCha.vhd:60]
CRITICAL WARNING: [Synth 8-6858] multi-driven net \input[0][2] [21] is connected to at least one constant driver which has been preserved, other driver is ignored [F:/Xilinx/Projects/exercise_12/exercise_12.srcs/sources_1/new/ChaCha.vhd:60]
CRITICAL WARNING: [Synth 8-6858] multi-driven net \input[0][2] [20] is connected to at least one constant driver which has been preserved, other driver is ignored [F:/Xilinx/Projects/exercise_12/exercise_12.srcs/sources_1/new/ChaCha.vhd:60]
CRITICAL WARNING: [Synth 8-6858] multi-driven net \input[0][2] [19] is connected to at least one constant driver which has been preserved, other driver is ignored [F:/Xilinx/Projects/exercise_12/exercise_12.srcs/sources_1/new/ChaCha.vhd:60]
CRITICAL WARNING: [Synth 8-6858] multi-driven net \input[0][2] [18] is connected to at least one constant driver which has been preserved, other driver is ignored [F:/Xilinx/Projects/exercise_12/exercise_12.srcs/sources_1/new/ChaCha.vhd:60]
CRITICAL WARNING: [Synth 8-6858] multi-driven net \input[0][2] [17] is connected to at least one constant driver which has been preserved, other driver is ignored [F:/Xilinx/Projects/exercise_12/exercise_12.srcs/sources_1/new/ChaCha.vhd:60]
CRITICAL WARNING: [Synth 8-6858] multi-driven net \input[0][2] [16] is connected to at least one constant driver which has been preserved, other driver is ignored [F:/Xilinx/Projects/exercise_12/exercise_12.srcs/sources_1/new/ChaCha.vhd:60]
CRITICAL WARNING: [Synth 8-6858] multi-driven net \input[0][2] [15] is connected to at least one constant driver which has been preserved, other driver is ignored [F:/Xilinx/Projects/exercise_12/exercise_12.srcs/sources_1/new/ChaCha.vhd:60]
CRITICAL WARNING: [Synth 8-6858] multi-driven net \input[0][2] [14] is connected to at least one constant driver which has been preserved, other driver is ignored [F:/Xilinx/Projects/exercise_12/exercise_12.srcs/sources_1/new/ChaCha.vhd:60]
CRITICAL WARNING: [Synth 8-6858] multi-driven net \input[0][2] [13] is connected to at least one constant driver which has been preserved, other driver is ignored [F:/Xilinx/Projects/exercise_12/exercise_12.srcs/sources_1/new/ChaCha.vhd:60]
CRITICAL WARNING: [Synth 8-6858] multi-driven net \input[0][2] [12] is connected to at least one constant driver which has been preserved, other driver is ignored [F:/Xilinx/Projects/exercise_12/exercise_12.srcs/sources_1/new/ChaCha.vhd:60]
CRITICAL WARNING: [Synth 8-6858] multi-driven net \input[0][2] [11] is connected to at least one constant driver which has been preserved, other driver is ignored [F:/Xilinx/Projects/exercise_12/exercise_12.srcs/sources_1/new/ChaCha.vhd:60]
CRITICAL WARNING: [Synth 8-6858] multi-driven net \input[0][2] [10] is connected to at least one constant driver which has been preserved, other driver is ignored [F:/Xilinx/Projects/exercise_12/exercise_12.srcs/sources_1/new/ChaCha.vhd:60]
CRITICAL WARNING: [Synth 8-6858] multi-driven net \input[0][2] [9] is connected to at least one constant driver which has been preserved, other driver is ignored [F:/Xilinx/Projects/exercise_12/exercise_12.srcs/sources_1/new/ChaCha.vhd:60]
CRITICAL WARNING: [Synth 8-6858] multi-driven net \input[0][2] [8] is connected to at least one constant driver which has been preserved, other driver is ignored [F:/Xilinx/Projects/exercise_12/exercise_12.srcs/sources_1/new/ChaCha.vhd:60]
CRITICAL WARNING: [Synth 8-6858] multi-driven net \input[0][2] [7] is connected to at least one constant driver which has been preserved, other driver is ignored [F:/Xilinx/Projects/exercise_12/exercise_12.srcs/sources_1/new/ChaCha.vhd:60]
CRITICAL WARNING: [Synth 8-6858] multi-driven net \input[0][2] [6] is connected to at least one constant driver which has been preserved, other driver is ignored [F:/Xilinx/Projects/exercise_12/exercise_12.srcs/sources_1/new/ChaCha.vhd:60]
CRITICAL WARNING: [Synth 8-6858] multi-driven net \input[0][2] [5] is connected to at least one constant driver which has been preserved, other driver is ignored [F:/Xilinx/Projects/exercise_12/exercise_12.srcs/sources_1/new/ChaCha.vhd:60]
CRITICAL WARNING: [Synth 8-6858] multi-driven net \input[0][2] [4] is connected to at least one constant driver which has been preserved, other driver is ignored [F:/Xilinx/Projects/exercise_12/exercise_12.srcs/sources_1/new/ChaCha.vhd:60]
CRITICAL WARNING: [Synth 8-6858] multi-driven net \input[0][2] [3] is connected to at least one constant driver which has been preserved, other driver is ignored [F:/Xilinx/Projects/exercise_12/exercise_12.srcs/sources_1/new/ChaCha.vhd:60]
CRITICAL WARNING: [Synth 8-6858] multi-driven net \input[0][2] [2] is connected to at least one constant driver which has been preserved, other driver is ignored [F:/Xilinx/Projects/exercise_12/exercise_12.srcs/sources_1/new/ChaCha.vhd:60]
CRITICAL WARNING: [Synth 8-6858] multi-driven net \input[0][2] [1] is connected to at least one constant driver which has been preserved, other driver is ignored [F:/Xilinx/Projects/exercise_12/exercise_12.srcs/sources_1/new/ChaCha.vhd:60]
CRITICAL WARNING: [Synth 8-6858] multi-driven net \input[0][2] [0] is connected to at least one constant driver which has been preserved, other driver is ignored [F:/Xilinx/Projects/exercise_12/exercise_12.srcs/sources_1/new/ChaCha.vhd:60]
CRITICAL WARNING: [Synth 8-6858] multi-driven net \input[0][3] [31] is connected to at least one constant driver which has been preserved, other driver is ignored [F:/Xilinx/Projects/exercise_12/exercise_12.srcs/sources_1/new/ChaCha.vhd:60]
CRITICAL WARNING: [Synth 8-6858] multi-driven net \input[0][3] [30] is connected to at least one constant driver which has been preserved, other driver is ignored [F:/Xilinx/Projects/exercise_12/exercise_12.srcs/sources_1/new/ChaCha.vhd:60]
CRITICAL WARNING: [Synth 8-6858] multi-driven net \input[0][3] [29] is connected to at least one constant driver which has been preserved, other driver is ignored [F:/Xilinx/Projects/exercise_12/exercise_12.srcs/sources_1/new/ChaCha.vhd:60]
CRITICAL WARNING: [Synth 8-6858] multi-driven net \input[0][3] [28] is connected to at least one constant driver which has been preserved, other driver is ignored [F:/Xilinx/Projects/exercise_12/exercise_12.srcs/sources_1/new/ChaCha.vhd:60]
INFO: [Common 17-14] Message 'Synth 8-6858' appears 100 times and further instances of the messages will be disabled. Use the Tcl command set_msg_config to change the current settings.
---------------------------------------------------------------------------------
Finished Cross Boundary and Area Optimization : Time (s): cpu = 00:00:22 ; elapsed = 00:00:28 . Memory (MB): peak = 1149.914 ; gain = 0.000
---------------------------------------------------------------------------------
---------------------------------------------------------------------------------
Start Applying XDC Timing Constraints
---------------------------------------------------------------------------------
---------------------------------------------------------------------------------
Finished Applying XDC Timing Constraints : Time (s): cpu = 00:00:31 ; elapsed = 00:00:37 . Memory (MB): peak = 1149.914 ; gain = 0.000
---------------------------------------------------------------------------------
---------------------------------------------------------------------------------
Start Timing Optimization
---------------------------------------------------------------------------------
---------------------------------------------------------------------------------
Finished Timing Optimization : Time (s): cpu = 00:00:32 ; elapsed = 00:00:38 . Memory (MB): peak = 1149.914 ; gain = 0.000
---------------------------------------------------------------------------------
---------------------------------------------------------------------------------
Start Technology Mapping
---------------------------------------------------------------------------------
---------------------------------------------------------------------------------
Finished Technology Mapping : Time (s): cpu = 00:00:35 ; elapsed = 00:00:42 . Memory (MB): peak = 1149.914 ; gain = 0.000
---------------------------------------------------------------------------------
---------------------------------------------------------------------------------
Start IO Insertion
---------------------------------------------------------------------------------
---------------------------------------------------------------------------------
Start Flattening Before IO Insertion
---------------------------------------------------------------------------------
---------------------------------------------------------------------------------
Finished Flattening Before IO Insertion
---------------------------------------------------------------------------------
---------------------------------------------------------------------------------
Start Final Netlist Cleanup
---------------------------------------------------------------------------------
---------------------------------------------------------------------------------
Finished Final Netlist Cleanup
---------------------------------------------------------------------------------
---------------------------------------------------------------------------------
Finished IO Insertion : Time (s): cpu = 00:00:41 ; elapsed = 00:00:47 . Memory (MB): peak = 1149.914 ; gain = 0.000
---------------------------------------------------------------------------------
---------------------------------------------------------------------------------
Start Renaming Generated Instances
---------------------------------------------------------------------------------
---------------------------------------------------------------------------------
Finished Renaming Generated Instances : Time (s): cpu = 00:00:41 ; elapsed = 00:00:47 . Memory (MB): peak = 1149.914 ; gain = 0.000
---------------------------------------------------------------------------------
---------------------------------------------------------------------------------
Start Rebuilding User Hierarchy
---------------------------------------------------------------------------------
---------------------------------------------------------------------------------
Finished Rebuilding User Hierarchy : Time (s): cpu = 00:00:42 ; elapsed = 00:00:49 . Memory (MB): peak = 1149.914 ; gain = 0.000
---------------------------------------------------------------------------------
---------------------------------------------------------------------------------
Start Renaming Generated Ports
---------------------------------------------------------------------------------
---------------------------------------------------------------------------------
Finished Renaming Generated Ports : Time (s): cpu = 00:00:43 ; elapsed = 00:00:49 . Memory (MB): peak = 1149.914 ; gain = 0.000
---------------------------------------------------------------------------------
---------------------------------------------------------------------------------
Start Handling Custom Attributes
---------------------------------------------------------------------------------
---------------------------------------------------------------------------------
Finished Handling Custom Attributes : Time (s): cpu = 00:00:43 ; elapsed = 00:00:50 . Memory (MB): peak = 1149.914 ; gain = 0.000
---------------------------------------------------------------------------------
---------------------------------------------------------------------------------
Start Renaming Generated Nets
---------------------------------------------------------------------------------
---------------------------------------------------------------------------------
Finished Renaming Generated Nets : Time (s): cpu = 00:00:43 ; elapsed = 00:00:50 . Memory (MB): peak = 1149.914 ; gain = 0.000
---------------------------------------------------------------------------------
---------------------------------------------------------------------------------
Start Writing Synthesis Report
---------------------------------------------------------------------------------

Report BlackBoxes: 
+-+--------------+----------+
| |BlackBox name |Instances |
+-+--------------+----------+
+-+--------------+----------+

Report Cell Usage: 
+------+-------+------+
|      |Cell   |Count |
+------+-------+------+
|1     |BUFG   |     1|
|2     |CARRY4 |  2704|
|3     |LUT1   |   112|
|4     |LUT2   |  1300|
|5     |LUT3   |  1160|
|6     |LUT4   |  2300|
|7     |LUT5   |  2959|
|8     |LUT6   |  6082|
|9     |MUXF7  |    64|
|10    |MUXF8  |    32|
|11    |FDRE   |   480|
|12    |IBUF   |    36|
|13    |OBUF   |    32|
+------+-------+------+
---------------------------------------------------------------------------------
Finished Writing Synthesis Report : Time (s): cpu = 00:00:43 ; elapsed = 00:00:50 . Memory (MB): peak = 1149.914 ; gain = 0.000
---------------------------------------------------------------------------------
Synthesis finished with 0 errors, 384 critical warnings and 0 warnings.
Synthesis Optimization Runtime : Time (s): cpu = 00:00:33 ; elapsed = 00:00:45 . Memory (MB): peak = 1149.914 ; gain = 0.000
Synthesis Optimization Complete : Time (s): cpu = 00:00:43 ; elapsed = 00:00:50 . Memory (MB): peak = 1149.914 ; gain = 0.000
INFO: [Project 1-571] Translating synthesized netlist
Netlist sorting complete. Time (s): cpu = 00:00:01 ; elapsed = 00:00:01 . Memory (MB): peak = 1149.914 ; gain = 0.000
INFO: [Netlist 29-17] Analyzing 2800 Unisim elements for replacement
INFO: [Netlist 29-28] Unisim Transformation completed in 0 CPU seconds
INFO: [Project 1-570] Preparing netlist for logic optimization
INFO: [Opt 31-138] Pushed 0 inverter(s) to 0 load pin(s).
Netlist sorting complete. Time (s): cpu = 00:00:00 ; elapsed = 00:00:00.005 . Memory (MB): peak = 1149.914 ; gain = 0.000
INFO: [Project 1-111] Unisim Transformation Summary:
No Unisim elements were transformed.

INFO: [Common 17-83] Releasing license: Synthesis
43 Infos, 0 Warnings, 200 Critical Warnings and 0 Errors encountered.
synth_design completed successfully
synth_design: Time (s): cpu = 00:00:58 ; elapsed = 00:01:07 . Memory (MB): peak = 1149.914 ; gain = 141.852
INFO: [Common 17-1381] The checkpoint 'F:/Xilinx/Projects/exercise_12/exercise_12.runs/synth_1/ChaCha.dcp' has been generated.
INFO: [runtcl-4] Executing : report_utilization -file ChaCha_utilization_synth.rpt -pb ChaCha_utilization_synth.pb
INFO: [Common 17-206] Exiting Vivado at Tue Feb  1 19:27:51 2022...
