
*** Running vivado
    with args -log system.vdi -applog -m64 -product Vivado -messageDb vivado.pb -mode batch -source system.tcl -notrace



****** Vivado v2020.1 (64-bit)
  **** SW Build 2902540 on Wed May 27 19:54:49 MDT 2020
  **** IP Build 2902112 on Wed May 27 22:43:36 MDT 2020
    ** Copyright 1986-2020 Xilinx, Inc. All Rights Reserved.

source system.tcl -notrace
Command: link_design -top system -part xc7a100tcsg324-1
Design is defaulting to srcset: sources_1
Design is defaulting to constrset: constrs_1
INFO: [Device 21-403] Loading part xc7a100tcsg324-1
Netlist sorting complete. Time (s): cpu = 00:00:00 ; elapsed = 00:00:00.001 . Memory (MB): peak = 1122.676 ; gain = 0.000
INFO: [Project 1-479] Netlist was created with Vivado 2020.1
INFO: [Project 1-570] Preparing netlist for logic optimization
Parsing XDC File [F:/Xilinx/Projects/exercise_09/exercise_09.srcs/constrs_1/imports/Xilinx/Nexys-A7-100T-Master.xdc]
Finished Parsing XDC File [F:/Xilinx/Projects/exercise_09/exercise_09.srcs/constrs_1/imports/Xilinx/Nexys-A7-100T-Master.xdc]
INFO: [Opt 31-138] Pushed 0 inverter(s) to 0 load pin(s).
Netlist sorting complete. Time (s): cpu = 00:00:00 ; elapsed = 00:00:00 . Memory (MB): peak = 1122.676 ; gain = 0.000
INFO: [Project 1-111] Unisim Transformation Summary:
No Unisim elements were transformed.

5 Infos, 0 Warnings, 0 Critical Warnings and 0 Errors encountered.
link_design completed successfully
link_design: Time (s): cpu = 00:00:08 ; elapsed = 00:00:10 . Memory (MB): peak = 1122.676 ; gain = 109.121
Command: opt_design
Attempting to get a license for feature 'Implementation' and/or device 'xc7a100t'
INFO: [Common 17-349] Got license for feature 'Implementation' and/or device 'xc7a100t'
Running DRC as a precondition to command opt_design

Starting DRC Task
INFO: [DRC 23-27] Running DRC with 2 threads
INFO: [Project 1-461] DRC finished with 0 Errors
INFO: [Project 1-462] Please refer to the DRC report (report_drc) for more information.

Time (s): cpu = 00:00:01 ; elapsed = 00:00:01 . Memory (MB): peak = 1122.676 ; gain = 0.000

Starting Cache Timing Information Task
INFO: [Timing 38-35] Done setting XDC timing constraints.
Ending Cache Timing Information Task | Checksum: 175bd85de

Time (s): cpu = 00:00:09 ; elapsed = 00:00:10 . Memory (MB): peak = 1268.254 ; gain = 145.578

Starting Logic Optimization Task

Phase 1 Retarget
INFO: [Opt 31-138] Pushed 0 inverter(s) to 0 load pin(s).
INFO: [Opt 31-49] Retargeted 0 cell(s).
Phase 1 Retarget | Checksum: 175bd85de

Time (s): cpu = 00:00:00 ; elapsed = 00:00:00.255 . Memory (MB): peak = 1471.910 ; gain = 0.000
INFO: [Opt 31-389] Phase Retarget created 0 cells and removed 0 cells

Phase 2 Constant propagation
INFO: [Opt 31-138] Pushed 0 inverter(s) to 0 load pin(s).
Phase 2 Constant propagation | Checksum: 175bd85de

Time (s): cpu = 00:00:00 ; elapsed = 00:00:00.280 . Memory (MB): peak = 1471.910 ; gain = 0.000
INFO: [Opt 31-389] Phase Constant propagation created 0 cells and removed 0 cells

Phase 3 Sweep
Phase 3 Sweep | Checksum: 1fa12bad6

Time (s): cpu = 00:00:00 ; elapsed = 00:00:00.407 . Memory (MB): peak = 1471.910 ; gain = 0.000
INFO: [Opt 31-389] Phase Sweep created 1 cells and removed 0 cells

Phase 4 BUFG optimization
Phase 4 BUFG optimization | Checksum: 1fa12bad6

Time (s): cpu = 00:00:00 ; elapsed = 00:00:00.482 . Memory (MB): peak = 1471.910 ; gain = 0.000
INFO: [Opt 31-662] Phase BUFG optimization created 0 cells of which 0 are BUFGs and removed 0 cells.

Phase 5 Shift Register Optimization
INFO: [Opt 31-1064] SRL Remap converted 0 SRLs to 0 registers and converted 0 registers of register chains to 0 SRLs
Phase 5 Shift Register Optimization | Checksum: 1fa12bad6

Time (s): cpu = 00:00:00 ; elapsed = 00:00:00.506 . Memory (MB): peak = 1471.910 ; gain = 0.000
INFO: [Opt 31-389] Phase Shift Register Optimization created 0 cells and removed 0 cells

Phase 6 Post Processing Netlist
Phase 6 Post Processing Netlist | Checksum: 1fa12bad6

Time (s): cpu = 00:00:00 ; elapsed = 00:00:00.529 . Memory (MB): peak = 1471.910 ; gain = 0.000
INFO: [Opt 31-389] Phase Post Processing Netlist created 0 cells and removed 0 cells
Opt_design Change Summary
=========================


-------------------------------------------------------------------------------------------------------------------------
|  Phase                        |  #Cells created  |  #Cells Removed  |  #Constrained objects preventing optimizations  |
-------------------------------------------------------------------------------------------------------------------------
|  Retarget                     |               0  |               0  |                                              0  |
|  Constant propagation         |               0  |               0  |                                              0  |
|  Sweep                        |               1  |               0  |                                              0  |
|  BUFG optimization            |               0  |               0  |                                              0  |
|  Shift Register Optimization  |               0  |               0  |                                              0  |
|  Post Processing Netlist      |               0  |               0  |                                              0  |
-------------------------------------------------------------------------------------------------------------------------



Starting Connectivity Check Task

Time (s): cpu = 00:00:00 ; elapsed = 00:00:00.001 . Memory (MB): peak = 1471.910 ; gain = 0.000
Ending Logic Optimization Task | Checksum: 192247bbd

Time (s): cpu = 00:00:00 ; elapsed = 00:00:00.534 . Memory (MB): peak = 1471.910 ; gain = 0.000

Starting Power Optimization Task
INFO: [Pwropt 34-132] Skipping clock gating for clocks with a period < 2.00 ns.
Ending Power Optimization Task | Checksum: 192247bbd

Time (s): cpu = 00:00:00 ; elapsed = 00:00:00.072 . Memory (MB): peak = 1471.910 ; gain = 0.000

Starting Final Cleanup Task
Ending Final Cleanup Task | Checksum: 192247bbd

Time (s): cpu = 00:00:00 ; elapsed = 00:00:00 . Memory (MB): peak = 1471.910 ; gain = 0.000

Starting Netlist Obfuscation Task
Netlist sorting complete. Time (s): cpu = 00:00:00 ; elapsed = 00:00:00 . Memory (MB): peak = 1471.910 ; gain = 0.000
Ending Netlist Obfuscation Task | Checksum: 192247bbd

Time (s): cpu = 00:00:00 ; elapsed = 00:00:00 . Memory (MB): peak = 1471.910 ; gain = 0.000
INFO: [Common 17-83] Releasing license: Implementation
22 Infos, 0 Warnings, 0 Critical Warnings and 0 Errors encountered.
opt_design completed successfully
opt_design: Time (s): cpu = 00:00:13 ; elapsed = 00:00:14 . Memory (MB): peak = 1471.910 ; gain = 349.234
INFO: [Timing 38-480] Writing timing data to binary archive.
Writing placer database...
Writing XDEF routing.
Writing XDEF routing logical nets.
Writing XDEF routing special nets.
Write XDEF Complete: Time (s): cpu = 00:00:00 ; elapsed = 00:00:00.071 . Memory (MB): peak = 1471.910 ; gain = 0.000
INFO: [Common 17-1381] The checkpoint 'F:/Xilinx/Projects/exercise_09/exercise_09.runs/impl_1/system_opt.dcp' has been generated.
INFO: [runtcl-4] Executing : report_drc -file system_drc_opted.rpt -pb system_drc_opted.pb -rpx system_drc_opted.rpx
Command: report_drc -file system_drc_opted.rpt -pb system_drc_opted.pb -rpx system_drc_opted.rpx
INFO: [IP_Flow 19-234] Refreshing IP repositories
INFO: [IP_Flow 19-1704] No user IP repositories specified
INFO: [IP_Flow 19-2313] Loaded Vivado IP repository 'F:/Xilinx/Vivado/2020.1/data/ip'.
INFO: [DRC 23-27] Running DRC with 2 threads
INFO: [Coretcl 2-168] The results of DRC are in file F:/Xilinx/Projects/exercise_09/exercise_09.runs/impl_1/system_drc_opted.rpt.
report_drc completed successfully
Command: place_design
Attempting to get a license for feature 'Implementation' and/or device 'xc7a100t'
INFO: [Common 17-349] Got license for feature 'Implementation' and/or device 'xc7a100t'
INFO: [DRC 23-27] Running DRC with 2 threads
INFO: [Vivado_Tcl 4-198] DRC finished with 0 Errors
INFO: [Vivado_Tcl 4-199] Please refer to the DRC report (report_drc) for more information.
Running DRC as a precondition to command place_design
INFO: [DRC 23-27] Running DRC with 2 threads
INFO: [Vivado_Tcl 4-198] DRC finished with 0 Errors
INFO: [Vivado_Tcl 4-199] Please refer to the DRC report (report_drc) for more information.

Starting Placer Task
INFO: [Place 30-611] Multithreading enabled for place_design using a maximum of 2 CPUs

Phase 1 Placer Initialization

Phase 1.1 Placer Initialization Netlist Sorting
Netlist sorting complete. Time (s): cpu = 00:00:00 ; elapsed = 00:00:00 . Memory (MB): peak = 1471.910 ; gain = 0.000
Phase 1.1 Placer Initialization Netlist Sorting | Checksum: d264f50d

Time (s): cpu = 00:00:00 ; elapsed = 00:00:00.149 . Memory (MB): peak = 1471.910 ; gain = 0.000
Netlist sorting complete. Time (s): cpu = 00:00:00 ; elapsed = 00:00:00 . Memory (MB): peak = 1471.910 ; gain = 0.000

Phase 1.2 IO Placement/ Clock Placement/ Build Placer Device
INFO: [Timing 38-35] Done setting XDC timing constraints.
Phase 1.2 IO Placement/ Clock Placement/ Build Placer Device | Checksum: ed00f5e0

Time (s): cpu = 00:00:01 ; elapsed = 00:00:01 . Memory (MB): peak = 1471.910 ; gain = 0.000

Phase 1.3 Build Placer Netlist Model
Phase 1.3 Build Placer Netlist Model | Checksum: 1463de892

Time (s): cpu = 00:00:01 ; elapsed = 00:00:02 . Memory (MB): peak = 1471.910 ; gain = 0.000

Phase 1.4 Constrain Clocks/Macros
Phase 1.4 Constrain Clocks/Macros | Checksum: 1463de892

Time (s): cpu = 00:00:01 ; elapsed = 00:00:02 . Memory (MB): peak = 1471.910 ; gain = 0.000
Phase 1 Placer Initialization | Checksum: 1463de892

Time (s): cpu = 00:00:01 ; elapsed = 00:00:02 . Memory (MB): peak = 1471.910 ; gain = 0.000

Phase 2 Global Placement

Phase 2.1 Floorplanning
Phase 2.1 Floorplanning | Checksum: 1ea980cdf

Time (s): cpu = 00:00:01 ; elapsed = 00:00:02 . Memory (MB): peak = 1471.910 ; gain = 0.000

Phase 2.2 Global Placement Core

Phase 2.2.1 Physical Synthesis In Placer
INFO: [Physopt 32-1035] Found 0 LUTNM shape to break, 3 LUT instances to create LUTNM shape
INFO: [Physopt 32-1044] Break lutnm for timing: one critical 0, two critical 0, total 0, new lutff created 0
INFO: [Physopt 32-775] End 1 Pass. Optimized 1 net or cell. Created 0 new cell, deleted 1 existing cell and moved 0 existing cell
INFO: [Physopt 32-65] No nets found for high-fanout optimization.
INFO: [Physopt 32-232] Optimized 0 net. Created 0 new instance.
INFO: [Physopt 32-775] End 1 Pass. Optimized 0 net or cell. Created 0 new cell, deleted 0 existing cell and moved 0 existing cell
INFO: [Physopt 32-670] No setup violation found.  DSP Register Optimization was not performed.
INFO: [Physopt 32-670] No setup violation found.  Shift Register to Pipeline Optimization was not performed.
INFO: [Physopt 32-670] No setup violation found.  Shift Register Optimization was not performed.
INFO: [Physopt 32-670] No setup violation found.  BRAM Register Optimization was not performed.
INFO: [Physopt 32-670] No setup violation found.  URAM Register Optimization was not performed.
INFO: [Physopt 32-949] No candidate nets found for HD net replication
INFO: [Physopt 32-775] End 1 Pass. Optimized 0 net or cell. Created 0 new cell, deleted 0 existing cell and moved 0 existing cell
Netlist sorting complete. Time (s): cpu = 00:00:00 ; elapsed = 00:00:00 . Memory (MB): peak = 1471.910 ; gain = 0.000

Summary of Physical Synthesis Optimizations
============================================


-----------------------------------------------------------------------------------------------------------------------------------------------------------
|  Optimization                                     |  Added Cells  |  Removed Cells  |  Optimized Cells/Nets  |  Dont Touch  |  Iterations  |  Elapsed   |
-----------------------------------------------------------------------------------------------------------------------------------------------------------
|  LUT Combining                                    |            0  |              1  |                     1  |           0  |           1  |  00:00:00  |
|  Very High Fanout                                 |            0  |              0  |                     0  |           0  |           1  |  00:00:00  |
|  DSP Register                                     |            0  |              0  |                     0  |           0  |           0  |  00:00:00  |
|  Shift Register to Pipeline                       |            0  |              0  |                     0  |           0  |           0  |  00:00:00  |
|  Shift Register                                   |            0  |              0  |                     0  |           0  |           0  |  00:00:00  |
|  BRAM Register                                    |            0  |              0  |                     0  |           0  |           0  |  00:00:00  |
|  URAM Register                                    |            0  |              0  |                     0  |           0  |           0  |  00:00:00  |
|  Dynamic/Static Region Interface Net Replication  |            0  |              0  |                     0  |           0  |           1  |  00:00:00  |
|  Total                                            |            0  |              1  |                     1  |           0  |           3  |  00:00:00  |
-----------------------------------------------------------------------------------------------------------------------------------------------------------


Phase 2.2.1 Physical Synthesis In Placer | Checksum: 16a029ac1

Time (s): cpu = 00:00:02 ; elapsed = 00:00:03 . Memory (MB): peak = 1471.910 ; gain = 0.000
Phase 2.2 Global Placement Core | Checksum: 99a99278

Time (s): cpu = 00:00:02 ; elapsed = 00:00:03 . Memory (MB): peak = 1471.910 ; gain = 0.000
Phase 2 Global Placement | Checksum: 99a99278

Time (s): cpu = 00:00:02 ; elapsed = 00:00:03 . Memory (MB): peak = 1471.910 ; gain = 0.000

Phase 3 Detail Placement

Phase 3.1 Commit Multi Column Macros
Phase 3.1 Commit Multi Column Macros | Checksum: d31b3505

Time (s): cpu = 00:00:02 ; elapsed = 00:00:03 . Memory (MB): peak = 1471.910 ; gain = 0.000

Phase 3.2 Commit Most Macros & LUTRAMs
Phase 3.2 Commit Most Macros & LUTRAMs | Checksum: 765f0b0c

Time (s): cpu = 00:00:02 ; elapsed = 00:00:04 . Memory (MB): peak = 1471.910 ; gain = 0.000

Phase 3.3 Area Swap Optimization
Phase 3.3 Area Swap Optimization | Checksum: cb212047

Time (s): cpu = 00:00:02 ; elapsed = 00:00:04 . Memory (MB): peak = 1471.910 ; gain = 0.000

Phase 3.4 Pipeline Register Optimization
Phase 3.4 Pipeline Register Optimization | Checksum: 32db92e5

Time (s): cpu = 00:00:02 ; elapsed = 00:00:04 . Memory (MB): peak = 1471.910 ; gain = 0.000

Phase 3.5 Small Shape Detail Placement
Phase 3.5 Small Shape Detail Placement | Checksum: 11a04d957

Time (s): cpu = 00:00:03 ; elapsed = 00:00:04 . Memory (MB): peak = 1471.910 ; gain = 0.000

Phase 3.6 Re-assign LUT pins
Phase 3.6 Re-assign LUT pins | Checksum: 1f98bfbf7

Time (s): cpu = 00:00:03 ; elapsed = 00:00:04 . Memory (MB): peak = 1471.910 ; gain = 0.000

Phase 3.7 Pipeline Register Optimization
Phase 3.7 Pipeline Register Optimization | Checksum: 151456e65

Time (s): cpu = 00:00:03 ; elapsed = 00:00:04 . Memory (MB): peak = 1471.910 ; gain = 0.000
Phase 3 Detail Placement | Checksum: 151456e65

Time (s): cpu = 00:00:03 ; elapsed = 00:00:04 . Memory (MB): peak = 1471.910 ; gain = 0.000

Phase 4 Post Placement Optimization and Clean-Up

Phase 4.1 Post Commit Optimization
INFO: [Timing 38-35] Done setting XDC timing constraints.

Phase 4.1.1 Post Placement Optimization
Post Placement Optimization Initialization | Checksum: 1a1ce2af5

Phase 4.1.1.1 BUFG Insertion

Starting Physical Synthesis Task

Phase 1 Physical Synthesis Initialization
INFO: [Physopt 32-721] Multithreading enabled for phys_opt_design using a maximum of 2 CPUs
INFO: [Physopt 32-619] Estimated Timing Summary | WNS=16.623 | TNS=0.000 |
Phase 1 Physical Synthesis Initialization | Checksum: 17e69bd97

Time (s): cpu = 00:00:00 ; elapsed = 00:00:00.040 . Memory (MB): peak = 1484.332 ; gain = 0.000
INFO: [Place 46-56] BUFG insertion identified 0 candidate nets. Inserted BUFG: 0, Replicated BUFG Driver: 0, Skipped due to Placement/Routing Conflicts: 0, Skipped due to Timing Degradation: 0, Skipped due to Illegal Netlist: 0.
Ending Physical Synthesis Task | Checksum: 24074ae43

Time (s): cpu = 00:00:00 ; elapsed = 00:00:00.042 . Memory (MB): peak = 1484.332 ; gain = 0.000
Phase 4.1.1.1 BUFG Insertion | Checksum: 1a1ce2af5

Time (s): cpu = 00:00:03 ; elapsed = 00:00:04 . Memory (MB): peak = 1484.332 ; gain = 12.422
INFO: [Place 30-746] Post Placement Timing Summary WNS=16.623. For the most accurate timing information please run report_timing.
Phase 4.1.1 Post Placement Optimization | Checksum: 249db6083

Time (s): cpu = 00:00:03 ; elapsed = 00:00:04 . Memory (MB): peak = 1484.332 ; gain = 12.422
Phase 4.1 Post Commit Optimization | Checksum: 249db6083

Time (s): cpu = 00:00:03 ; elapsed = 00:00:04 . Memory (MB): peak = 1484.332 ; gain = 12.422

Phase 4.2 Post Placement Cleanup
Phase 4.2 Post Placement Cleanup | Checksum: 249db6083

Time (s): cpu = 00:00:03 ; elapsed = 00:00:04 . Memory (MB): peak = 1484.332 ; gain = 12.422

Phase 4.3 Placer Reporting
Phase 4.3 Placer Reporting | Checksum: 249db6083

Time (s): cpu = 00:00:03 ; elapsed = 00:00:04 . Memory (MB): peak = 1484.332 ; gain = 12.422

Phase 4.4 Final Placement Cleanup
Netlist sorting complete. Time (s): cpu = 00:00:00 ; elapsed = 00:00:00 . Memory (MB): peak = 1484.332 ; gain = 0.000
Phase 4.4 Final Placement Cleanup | Checksum: 294704836

Time (s): cpu = 00:00:03 ; elapsed = 00:00:04 . Memory (MB): peak = 1484.332 ; gain = 12.422
Phase 4 Post Placement Optimization and Clean-Up | Checksum: 294704836

Time (s): cpu = 00:00:03 ; elapsed = 00:00:04 . Memory (MB): peak = 1484.332 ; gain = 12.422
Ending Placer Task | Checksum: 1cb4a0f46

Time (s): cpu = 00:00:03 ; elapsed = 00:00:04 . Memory (MB): peak = 1484.332 ; gain = 12.422
INFO: [Common 17-83] Releasing license: Implementation
58 Infos, 0 Warnings, 0 Critical Warnings and 0 Errors encountered.
place_design completed successfully
INFO: [Timing 38-480] Writing timing data to binary archive.
Writing placer database...
Writing XDEF routing.
Writing XDEF routing logical nets.
Writing XDEF routing special nets.
Write XDEF Complete: Time (s): cpu = 00:00:00 ; elapsed = 00:00:00.037 . Memory (MB): peak = 1484.398 ; gain = 0.066
INFO: [Common 17-1381] The checkpoint 'F:/Xilinx/Projects/exercise_09/exercise_09.runs/impl_1/system_placed.dcp' has been generated.
INFO: [runtcl-4] Executing : report_io -file system_io_placed.rpt
report_io: Time (s): cpu = 00:00:00 ; elapsed = 00:00:00.131 . Memory (MB): peak = 1484.398 ; gain = 0.000
INFO: [runtcl-4] Executing : report_utilization -file system_utilization_placed.rpt -pb system_utilization_placed.pb
INFO: [runtcl-4] Executing : report_control_sets -verbose -file system_control_sets_placed.rpt
report_control_sets: Time (s): cpu = 00:00:00 ; elapsed = 00:00:00.003 . Memory (MB): peak = 1484.398 ; gain = 0.000
Command: phys_opt_design
Attempting to get a license for feature 'Implementation' and/or device 'xc7a100t'
INFO: [Common 17-349] Got license for feature 'Implementation' and/or device 'xc7a100t'
INFO: [Vivado_Tcl 4-383] Design worst setup slack (WNS) is greater than or equal to 0.000 ns. Skipping all physical synthesis optimizations.
INFO: [Vivado_Tcl 4-232] No setup violation found. The netlist was not modified.
INFO: [Common 17-83] Releasing license: Implementation
67 Infos, 0 Warnings, 0 Critical Warnings and 0 Errors encountered.
phys_opt_design completed successfully
INFO: [Timing 38-480] Writing timing data to binary archive.
Writing placer database...
Writing XDEF routing.
Writing XDEF routing logical nets.
Writing XDEF routing special nets.
Write XDEF Complete: Time (s): cpu = 00:00:00 ; elapsed = 00:00:00.047 . Memory (MB): peak = 1518.027 ; gain = 19.168
INFO: [Common 17-1381] The checkpoint 'F:/Xilinx/Projects/exercise_09/exercise_09.runs/impl_1/system_physopt.dcp' has been generated.
Command: route_design
Attempting to get a license for feature 'Implementation' and/or device 'xc7a100t'
INFO: [Common 17-349] Got license for feature 'Implementation' and/or device 'xc7a100t'
Running DRC as a precondition to command route_design
INFO: [DRC 23-27] Running DRC with 2 threads
INFO: [Vivado_Tcl 4-198] DRC finished with 0 Errors
INFO: [Vivado_Tcl 4-199] Please refer to the DRC report (report_drc) for more information.


Starting Routing Task
INFO: [Route 35-254] Multithreading enabled for route_design using a maximum of 2 CPUs
Checksum: PlaceDB: e323f40e ConstDB: 0 ShapeSum: e8261b38 RouteDB: 0

Phase 1 Build RT Design
